This is pdfTeX, Version 3.141592653-2.6-1.40.22 (MiKTeX 21.6) (preloaded format=pdflatex 2021.7.20)  20 JUL 2021 13:01
entering extended mode
**./heterotic.tex
(heterotic.tex
LaTeX2e <2021-06-01>
L3 programming layer <2021-06-01>
(C:\Users\p281989\AppData\Local\Programs\MiKTeX\tex/latex/base\article.cls
Document Class: article 2021/02/12 v1.4n Standard LaTeX document class
(C:\Users\p281989\AppData\Local\Programs\MiKTeX\tex/latex/base\size10.clo
File: size10.clo 2021/02/12 v1.4n Standard LaTeX file (size option)
)
\c@part=\count182
\c@section=\count183
\c@subsection=\count184
\c@subsubsection=\count185
\c@paragraph=\count186
\c@subparagraph=\count187
\c@figure=\count188
\c@table=\count189
\abovecaptionskip=\skip47
\belowcaptionskip=\skip48
\bibindent=\dimen138
)
(C:\Users\p281989\AppData\Local\Programs\MiKTeX\tex/latex/setspace\setspace.sty
Package: setspace 2011/12/19 v6.7a set line spacing
)
(C:\Users\p281989\AppData\Local\Programs\MiKTeX\tex/latex/hyperref\hyperref.sty
Package: hyperref 2021-06-05 v7.00l Hypertext links for LaTeX

(C:\Users\p281989\AppData\Local\Programs\MiKTeX\tex/generic/ltxcmds\ltxcmds.sty
Package: ltxcmds 2020-05-10 v1.25 LaTeX kernel commands for general use (HO)
) (C:\Users\p281989\AppData\Local\Programs\MiKTeX\tex/generic/iftex\iftex.sty
Package: iftex 2020/03/06 v1.0d TeX engine tests
)
(C:\Users\p281989\AppData\Local\Programs\MiKTeX\tex/generic/pdftexcmds\pdftexcm
ds.sty
Package: pdftexcmds 2020-06-27 v0.33 Utility functions of pdfTeX for LuaTeX (HO
)

(C:\Users\p281989\AppData\Local\Programs\MiKTeX\tex/generic/infwarerr\infwarerr
.sty
Package: infwarerr 2019/12/03 v1.5 Providing info/warning/error messages (HO)
)
Package pdftexcmds Info: \pdf@primitive is available.
Package pdftexcmds Info: \pdf@ifprimitive is available.
Package pdftexcmds Info: \pdfdraftmode found.
)
(C:\Users\p281989\AppData\Local\Programs\MiKTeX\tex/latex/graphics\keyval.sty
Package: keyval 2014/10/28 v1.15 key=value parser (DPC)
\KV@toks@=\toks16
)
(C:\Users\p281989\AppData\Local\Programs\MiKTeX\tex/generic/kvsetkeys\kvsetkeys
.sty
Package: kvsetkeys 2019/12/15 v1.18 Key value parser (HO)
)
(C:\Users\p281989\AppData\Local\Programs\MiKTeX\tex/generic/kvdefinekeys\kvdefi
nekeys.sty
Package: kvdefinekeys 2019-12-19 v1.6 Define keys (HO)
)
(C:\Users\p281989\AppData\Local\Programs\MiKTeX\tex/generic/pdfescape\pdfescape
.sty
Package: pdfescape 2019/12/09 v1.15 Implements pdfTeX's escape features (HO)
)
(C:\Users\p281989\AppData\Local\Programs\MiKTeX\tex/latex/hycolor\hycolor.sty
Package: hycolor 2020-01-27 v1.10 Color options for hyperref/bookmark (HO)
)
(C:\Users\p281989\AppData\Local\Programs\MiKTeX\tex/latex/letltxmacro\letltxmac
ro.sty
Package: letltxmacro 2019/12/03 v1.6 Let assignment for LaTeX macros (HO)
)
(C:\Users\p281989\AppData\Local\Programs\MiKTeX\tex/latex/auxhook\auxhook.sty
Package: auxhook 2019-12-17 v1.6 Hooks for auxiliary files (HO)
)
(C:\Users\p281989\AppData\Local\Programs\MiKTeX\tex/latex/kvoptions\kvoptions.s
ty
Package: kvoptions 2020-10-07 v3.14 Key value format for package options (HO)
)
\@linkdim=\dimen139
\Hy@linkcounter=\count190
\Hy@pagecounter=\count191

(C:\Users\p281989\AppData\Local\Programs\MiKTeX\tex/latex/hyperref\pd1enc.def
File: pd1enc.def 2021-06-05 v7.00l Hyperref: PDFDocEncoding definition (HO)
Now handling font encoding PD1 ...
... no UTF-8 mapping file for font encoding PD1
)
(C:\Users\p281989\AppData\Local\Programs\MiKTeX\tex/latex/hyperref\hyperref-lan
gpatches.def
File: hyperref-langpatches.def 2021-06-05 v7.00l Hyperref: patches for babel la
nguages
)
(C:\Users\p281989\AppData\Local\Programs\MiKTeX\tex/generic/intcalc\intcalc.sty
Package: intcalc 2019/12/15 v1.3 Expandable calculations with integers (HO)
)
(C:\Users\p281989\AppData\Local\Programs\MiKTeX\tex/generic/etexcmds\etexcmds.s
ty
Package: etexcmds 2019/12/15 v1.7 Avoid name clashes with e-TeX commands (HO)
)
\Hy@SavedSpaceFactor=\count192

(C:\Users\p281989\AppData\Local\Programs\MiKTeX\tex/latex/hyperref\puenc.def
File: puenc.def 2021-06-05 v7.00l Hyperref: PDF Unicode definition (HO)
Now handling font encoding PU ...
... no UTF-8 mapping file for font encoding PU
)
Package hyperref Info: Hyper figures OFF on input line 4192.
Package hyperref Info: Link nesting OFF on input line 4197.
Package hyperref Info: Hyper index ON on input line 4200.
Package hyperref Info: Plain pages OFF on input line 4207.
Package hyperref Info: Backreferencing OFF on input line 4212.
Package hyperref Info: Implicit mode ON; LaTeX internals redefined.
Package hyperref Info: Bookmarks ON on input line 4445.
\c@Hy@tempcnt=\count193

(C:\Users\p281989\AppData\Local\Programs\MiKTeX\tex/latex/url\url.sty
\Urlmuskip=\muskip16
Package: url 2013/09/16  ver 3.4  Verb mode for urls, etc.
)
LaTeX Info: Redefining \url on input line 4804.
\XeTeXLinkMargin=\dimen140

(C:\Users\p281989\AppData\Local\Programs\MiKTeX\tex/generic/bitset\bitset.sty
Package: bitset 2019/12/09 v1.3 Handle bit-vector datatype (HO)

(C:\Users\p281989\AppData\Local\Programs\MiKTeX\tex/generic/bigintcalc\bigintca
lc.sty
Package: bigintcalc 2019/12/15 v1.5 Expandable calculations on big integers (HO
)
))
\Fld@menulength=\count194
\Field@Width=\dimen141
\Fld@charsize=\dimen142
Package hyperref Info: Hyper figures OFF on input line 6076.
Package hyperref Info: Link nesting OFF on input line 6081.
Package hyperref Info: Hyper index ON on input line 6084.
Package hyperref Info: backreferencing OFF on input line 6091.
Package hyperref Info: Link coloring OFF on input line 6096.
Package hyperref Info: Link coloring with OCG OFF on input line 6101.
Package hyperref Info: PDF/A mode OFF on input line 6106.
LaTeX Info: Redefining \ref on input line 6146.
LaTeX Info: Redefining \pageref on input line 6150.

(C:\Users\p281989\AppData\Local\Programs\MiKTeX\tex/latex/base\atbegshi-ltx.sty
Package: atbegshi-ltx 2021/01/10 v1.0c Emulation of the original atbegshi
package with kernel methods
)
\Hy@abspage=\count195
\c@Item=\count196
\c@Hfootnote=\count197
)
Package hyperref Info: Driver (autodetected): hpdftex.

(C:\Users\p281989\AppData\Local\Programs\MiKTeX\tex/latex/hyperref\hpdftex.def
File: hpdftex.def 2021-06-05 v7.00l Hyperref driver for pdfTeX

(C:\Users\p281989\AppData\Local\Programs\MiKTeX\tex/latex/base\atveryend-ltx.st
y
Package: atveryend-ltx 2020/08/19 v1.0a Emulation of the original atvery packag
e
with kernel methods
)
\Fld@listcount=\count198
\c@bookmark@seq@number=\count199

(C:\Users\p281989\AppData\Local\Programs\MiKTeX\tex/latex/rerunfilecheck\rerunf
ilecheck.sty
Package: rerunfilecheck 2019/12/05 v1.9 Rerun checks for auxiliary files (HO)

(C:\Users\p281989\AppData\Local\Programs\MiKTeX\tex/generic/uniquecounter\uniqu
ecounter.sty
Package: uniquecounter 2019/12/15 v1.4 Provide unlimited unique counter (HO)
)
Package uniquecounter Info: New unique counter `rerunfilecheck' on input line 2
86.
)
\Hy@SectionHShift=\skip49
)
(C:\Users\p281989\AppData\Local\Programs\MiKTeX\tex/latex/pst-3d\pst-3d.sty
(C:\Users\p281989\AppData\Local\Programs\MiKTeX\tex/latex/pstricks\pstricks.sty
Package: pstricks 2020/06/11 v0.70 LaTeX wrapper for `PSTricks' (RN,HV)
(C:\Users\p281989\AppData\Local\Programs\MiKTeX\tex/latex/xcolor\xcolor.sty
Package: xcolor 2016/05/11 v2.12 LaTeX color extensions (UK)

(C:\Users\p281989\AppData\Local\Programs\MiKTeX\tex/latex/graphics-cfg\color.cf
g
File: color.cfg 2016/01/02 v1.6 sample color configuration
)
Package xcolor Info: Driver file: pdftex.def on input line 225.

(C:\Users\p281989\AppData\Local\Programs\MiKTeX\tex/latex/graphics-def\pdftex.d
ef
File: pdftex.def 2020/10/05 v1.2a Graphics/color driver for pdftex
)
Package xcolor Info: Model `cmy' substituted by `cmy0' on input line 1348.
Package xcolor Info: Model `hsb' substituted by `rgb' on input line 1352.
Package xcolor Info: Model `RGB' extended on input line 1364.
Package xcolor Info: Model `HTML' substituted by `rgb' on input line 1366.
Package xcolor Info: Model `Hsb' substituted by `hsb' on input line 1367.
Package xcolor Info: Model `tHsb' substituted by `hsb' on input line 1368.
Package xcolor Info: Model `HSB' substituted by `hsb' on input line 1369.
Package xcolor Info: Model `Gray' substituted by `gray' on input line 1370.
Package xcolor Info: Model `wave' substituted by `hsb' on input line 1371.
)
(C:\Users\p281989\AppData\Local\Programs\MiKTeX\tex/generic/xkeyval\pst-xkey.te
x
File: pst-xkey.tex 2005/11/25 v1.6 PSTricks specialization of xkeyval (HA)
 (C:\Users\p281989\AppData\Local\Programs\MiKTeX\tex/latex/xkeyval\xkeyval.sty
Package: xkeyval 2020/11/20 v2.8 package option processing (HA)

(C:\Users\p281989\AppData\Local\Programs\MiKTeX\tex/generic/xkeyval\xkeyval.tex

(C:\Users\p281989\AppData\Local\Programs\MiKTeX\tex/generic/xkeyval\xkvutils.te
x
\XKV@toks=\toks17
\XKV@tempa@toks=\toks18
)
\XKV@depth=\count266
File: xkeyval.tex 2014/12/03 v2.7a key=value parser (HA)
)))
(C:\Users\p281989\AppData\Local\Programs\MiKTeX\tex/generic/pstricks\pstricks.t
ex
(C:\Users\p281989\AppData\Local\Programs\MiKTeX\tex/generic/pstricks\pst-fp.tex
`pst-fp' v0.06, 2020/11/20 (hv)
\pstFP@xs=\count267
\pstFP@xia=\count268
\pstFP@xib=\count269
\pstFP@xfa=\count270
\pstFP@xfb=\count271
\pstFP@rega=\count272
\pstFP@regb=\count273
\pstFP@regs=\count274
\pstFP@times=\count275
)
(C:\Users\p281989\AppData\Local\Programs\MiKTeX\tex/generic/pgf/utilities\pgfut
il-common.tex
\pgfutil@everybye=\toks19
\pgfutil@tempdima=\dimen143
\pgfutil@tempdimb=\dimen144

(C:\Users\p281989\AppData\Local\Programs\MiKTeX\tex/generic/pgf/utilities\pgfut
il-common-lists.tex))
(C:\Users\p281989\AppData\Local\Programs\MiKTeX\tex/generic/pgf/utilities\pgfke
ys.code.tex
\pgfkeys@pathtoks=\toks20
\pgfkeys@temptoks=\toks21

(C:\Users\p281989\AppData\Local\Programs\MiKTeX\tex/generic/pgf/utilities\pgfke
ysfiltered.code.tex
\pgfkeys@tmptoks=\toks22
))
(C:\Users\p281989\AppData\Local\Programs\MiKTeX\tex/generic/pgf/utilities\pgffo
r.code.tex
Loading pgffor.code.tex

(C:\Users\p281989\AppData\Local\Programs\MiKTeX\tex/generic/pgf/math\pgfmath.co
de.tex
(C:\Users\p281989\AppData\Local\Programs\MiKTeX\tex/generic/pgf/math\pgfmathcal
c.code.tex
(C:\Users\p281989\AppData\Local\Programs\MiKTeX\tex/generic/pgf/math\pgfmathuti
l.code.tex
\pgf@x=\dimen145
\pgf@xa=\dimen146
\pgf@xb=\dimen147
\pgf@xc=\dimen148
\pgf@y=\dimen149
\pgf@ya=\dimen150
\pgf@yb=\dimen151
\pgf@yc=\dimen152
\c@pgf@counta=\count276
\c@pgf@countb=\count277
\c@pgf@countc=\count278
\c@pgf@countd=\count279
\pgfutil@tempcnta=\count280
\pgfutil@tempcntb=\count281
)
(C:\Users\p281989\AppData\Local\Programs\MiKTeX\tex/generic/pgf/math\pgfmathpar
ser.code.tex
\pgfmath@dimen=\dimen153
\pgfmath@count=\count282
\pgfmath@box=\box50
\pgfmath@toks=\toks23
\pgfmath@stack@operand=\toks24
\pgfmath@stack@operation=\toks25
)
(C:\Users\p281989\AppData\Local\Programs\MiKTeX\tex/generic/pgf/math\pgfmathfun
ctions.code.tex
(C:\Users\p281989\AppData\Local\Programs\MiKTeX\tex/generic/pgf/math\pgfmathfun
ctions.basic.code.tex)
(C:\Users\p281989\AppData\Local\Programs\MiKTeX\tex/generic/pgf/math\pgfmathfun
ctions.trigonometric.code.tex)
(C:\Users\p281989\AppData\Local\Programs\MiKTeX\tex/generic/pgf/math\pgfmathfun
ctions.random.code.tex)
(C:\Users\p281989\AppData\Local\Programs\MiKTeX\tex/generic/pgf/math\pgfmathfun
ctions.comparison.code.tex)
(C:\Users\p281989\AppData\Local\Programs\MiKTeX\tex/generic/pgf/math\pgfmathfun
ctions.base.code.tex)
(C:\Users\p281989\AppData\Local\Programs\MiKTeX\tex/generic/pgf/math\pgfmathfun
ctions.round.code.tex)
(C:\Users\p281989\AppData\Local\Programs\MiKTeX\tex/generic/pgf/math\pgfmathfun
ctions.misc.code.tex)
(C:\Users\p281989\AppData\Local\Programs\MiKTeX\tex/generic/pgf/math\pgfmathfun
ctions.integerarithmetics.code.tex)))
(C:\Users\p281989\AppData\Local\Programs\MiKTeX\tex/generic/pgf/math\pgfmathflo
at.code.tex
\c@pgfmathroundto@lastzeros=\count283
))
\pgffor@iter=\dimen154
\pgffor@skip=\dimen155
\pgffor@stack=\toks26
\pgffor@toks=\toks27
)
\psLoopIndex=\count284

`PSTricks' v3.02  <2021/05/31> (tvz,hv)
\pst@dima=\dimen156
\pst@dimb=\dimen157
\pst@dimc=\dimen158
\pst@dimd=\dimen159
\pst@dimg=\dimen160
\pst@dimh=\dimen161
\pst@dimm=\dimen162
\pst@dimn=\dimen163
\pst@dimo=\dimen164
\pst@dimp=\dimen165
\pst@hbox=\box51
\pst@ibox=\box52
\pst@boxg=\box53
\pst@cnta=\count285
\pst@cntb=\count286
\pst@cntc=\count287
\pst@cntd=\count288
\pst@cntg=\count289
\pst@cnth=\count290
\pst@cntm=\count291
\pst@cntn=\count292
\pst@cnto=\count293
\pst@cntp=\count294
\@zero=\count295
\pst@toks=\toks28

(C:\Users\p281989\AppData\Local\Programs\MiKTeX\tex/generic/pstricks\pstricks.c
on)
\psunit=\dimen166
\psxunit=\dimen167
\psyunit=\dimen168
\pst@C@@rType=\count296
\pslinewidth=\dimen169
\psk@startLW=\dimen170
\psk@endLW=\dimen171
\pst@customdefs=\toks29
\pslinearc=\dimen172
\pst@symbolStep=\dimen173
\pst@symbolWidth=\dimen174
\pst@symbolLinewidth=\dimen175
\everypsbox=\toks30
\psframesep=\dimen176
\pslabelsep=\dimen177
\sh@wgridXunit=\dimen178
\sh@wgridYunit=\dimen179
\pst@shift=\dimen180
)
File: pstricks.tex 2021/05/31 v3.02 `PSTricks' (tvz,hv)

(C:\Users\p281989\AppData\Local\Programs\MiKTeX\tex/generic/pstricks\pst-fp.tex
`pst-fp' v0.06, 2020/11/20 (hv))
File: pst-fp.tex 2020/11/20 v0.06 `PST-fp' (hv)
)
Package: pst-3d 2009/07/28 package wrapper for pst-3d.tex (hv)

(C:\Users\p281989\AppData\Local\Programs\MiKTeX\tex/generic/pst-3d\pst-3d.tex
`PST-3d' v1.11, 2010/02/14 (tvz))
File: pst-3d.tex 2010/02/14 v1.11 `PST-3d' (hv)
)
(C:\Users\p281989\AppData\Local\Programs\MiKTeX\tex/latex/pst-3dplot\pst-3dplot
.sty
(C:\Users\p281989\AppData\Local\Programs\MiKTeX\tex/latex/pst-plot\pst-plot.sty
Package: pst-plot 2011/06/05 v1.00 LaTeX wrapper for `pst-plot' (HV)
(C:\Users\p281989\AppData\Local\Programs\MiKTeX\tex/latex/xkeyval\pst-xkey.sty
Package: pst-xkey 2005/11/25 v1.6 package wrapper for pst-xkey.tex (HA)
) (C:\Users\p281989\AppData\Local\Programs\MiKTeX\tex/latex/multido\multido.sty
Package: multido 2004/05/17 package wrapper for PSTricks `multido.tex', (HV/RN)


(C:\Users\p281989\AppData\Local\Programs\MiKTeX\tex/generic/multido\multido.tex
 v1.42, 2010/05/14 <tvz>
\multido@count=\count297
\multidocount=\count298
\multido@stuff=\toks31
)
File: multido.tex 2010/05/14 v1.42 `multido' (tvz,hv)
)
Package: pst-plot 2011/04/13 package wrapper for pst-plot.tex (hv)

(C:\Users\p281989\AppData\Local\Programs\MiKTeX\tex/generic/pst-plot\pst-plot.t
ex
(C:\Users\p281989\AppData\Local\Programs\MiKTeX\tex/generic/pst-tools\pst-tools
.tex `PST-tools' v0.10, 2020/03/24 (hv)
\randomi=\count299
\ranval=\count300
)
(C:\Users\p281989\AppData\Local\Programs\MiKTeX\tex/generic/pstricks-add\pstric
ks-add.tex
(C:\Users\p281989\AppData\Local\Programs\MiKTeX\tex/generic/pst-node\pst-node.t
ex  v1.42a, 2020/04/01
\psrow=\count301
\pscol=\count302
\psmatrixcnt=\count303
\psrowsep=\skip50
\pscolsep=\skip51
\pst@args=\count304
\num@pts=\count305
\pst@argcnt=\count306
)
(C:\Users\p281989\AppData\Local\Programs\MiKTeX\tex/generic/pst-arrow\pst-arrow
.tex `pst-arrow' v0.01, 2016/09/01 (dr,hv)
\pshooklength=\dimen181
\pshookwidth=\dimen182
)
(C:\Users\p281989\AppData\Local\Programs\MiKTeX\tex/generic/pst-math\pst-math.t
ex `pst-math' v0.64 , (CJ,hv)) `pstricks-add' v3.89a, 2020/02/12 (dr,hv)
\psparallelogramsep=\dimen183
\pst@cntC=\count307
\pst@stepcount=\count308
\chart@ColorIndex=\dimen184
\chart@ColorStep=\dimen185
\pst@chartHeight=\dimen186
\pst@chartStackDepth=\dimen187
\pst@chartStackWidth=\dimen188
\chart@Toggle=\count309
\psVectorCtr=\count310
)
 v1.92, 2019/05/16 (tvz,hv)
\pstRadUnit=\dimen189
\pstRadUnitInv=\dimen190
\pst@linecnt=\count311
\RCD@file=\read2
\psxlabelsep=\dimen191
\psylabelsep=\dimen192
\psk@subticksize=\dimen193
\pst@xticksizeA=\dimen194
\pst@xticksizeB=\dimen195
\pst@xticksizeC=\dimen196
\pst@yticksizeA=\dimen197
\pst@yticksizeB=\dimen198
\pst@yticksizeC=\dimen199
\@digitcounter=\count312
\psk@llx=\dimen256
\psk@lly=\dimen257
\psk@urx=\dimen258
\psk@ury=\dimen259
\pst@xunit=\dimen260
\pst@yunit=\dimen261
)
File: pst-plot.tex 2019/05/16 1.92 `pst-plot' (tvz,hv)
)
(C:\Users\p281989\AppData\Local\Programs\MiKTeX\tex/latex/pst-node\pst-node.sty
Package: pst-node 2012/09/18 v1.01 LaTeX wrapper for `pst-node' (HV)
Package: pst-node 2010/04/22 package wrapper for pst-node.tex

(C:\Users\p281989\AppData\Local\Programs\MiKTeX\tex/generic/pst-node\pst-node.t
ex)
File: pst-node.tex 2019/05/16 1.92 `pst-node' (tvz,hv)
)
Package: pst-3dplot 2010/01/01 package wrapper for pst-3dplot.tex (hv)

(C:\Users\p281989\AppData\Local\Programs\MiKTeX\tex/generic/pst-3dplot\pst-3dpl
ot.tex
(C:\Users\p281989\AppData\Local\Programs\MiKTeX\tex/generic/pst-node\pst-node.t
ex)
(C:\Users\p281989\AppData\Local\Programs\MiKTeX\tex/generic/multido\multido.tex
 v1.42, 2010/05/14 <tvz>) `PST-3dplot' v2.06, 2020/10/25 (HV,DL)
\pst@dimf=\dimen262
\pst@cntx=\count313
\pst@cnty=\count314
\pst@cntz=\count315
\pst@dimx=\dimen263
\pst@dimy=\dimen264
\pst@dimz=\dimen265
\pst@dx=\dimen266
\pst@dy=\dimen267
\pszunit=\dimen268
)
File: pst-3dplot.tex 2020/10/25 v2.06 `PST-3dplot' (hv)
)
(C:\Users\p281989\AppData\Local\Programs\MiKTeX\tex/latex/etex-pkg\etex.sty
Package: etex 2016/08/01 v2.7 eTeX basic definition package (PEB,DPC)


Package etex Warning: Extended allocation already in use.
(etex)                etex.sty code will not be used.
(etex)                To force etex package to load, add
(etex)                \RequirePackage{etex}
(etex)                at the start of the document.

) (C:\Users\p281989\AppData\Local\Programs\MiKTeX\tex/latex/base\inputenc.sty
Package: inputenc 2021/02/14 v1.3d Input encoding file
\inpenc@prehook=\toks32
\inpenc@posthook=\toks33
)
(C:\Users\p281989\AppData\Local\Programs\MiKTeX\tex/generic/babel\babel.sty
Package: babel 2021/06/02 3.60 The Babel package

(C:\Users\p281989\AppData\Local\Programs\MiKTeX\tex/generic/babel\babel.def
File: babel.def 2021/06/02 3.60 Babel common definitions
\babel@savecnt=\count316
\U@D=\dimen269
\l@unhyphenated=\language79

(C:\Users\p281989\AppData\Local\Programs\MiKTeX\tex/generic/babel\txtbabel.def)
\bbl@readstream=\read3
)
\bbl@dirlevel=\count317

*************************************
* Local config file bblopts.cfg used
*
(C:\Users\p281989\AppData\Local\Programs\MiKTeX\tex/latex/arabi\bblopts.cfg
File: bblopts.cfg 2005/09/08 v0.1 add Arabic and Farsi to "declared" options of
 babel
)
(C:\Users\p281989\AppData\Local\Programs\MiKTeX\tex/latex/babel-english\english
.ldf
Language: english 2017/06/06 v3.3r English support from the babel system
Package babel Info: Hyphen rules for 'canadian' set to \l@english
(babel)             (\language0). Reported on input line 102.
Package babel Info: Hyphen rules for 'australian' set to \l@ukenglish
(babel)             (\language73). Reported on input line 105.
Package babel Info: Hyphen rules for 'newzealand' set to \l@ukenglish
(babel)             (\language73). Reported on input line 108.
))
(C:\Users\p281989\AppData\Local\Programs\MiKTeX\tex/latex/amsmath\amsmath.sty
Package: amsmath 2021/04/20 v2.17j AMS math features
\@mathmargin=\skip52

For additional information on amsmath, use the `?' option.
(C:\Users\p281989\AppData\Local\Programs\MiKTeX\tex/latex/amsmath\amstext.sty
Package: amstext 2000/06/29 v2.01 AMS text

(C:\Users\p281989\AppData\Local\Programs\MiKTeX\tex/latex/amsmath\amsgen.sty
File: amsgen.sty 1999/11/30 v2.0 generic functions
\@emptytoks=\toks34
\ex@=\dimen270
))
(C:\Users\p281989\AppData\Local\Programs\MiKTeX\tex/latex/amsmath\amsbsy.sty
Package: amsbsy 1999/11/29 v1.2d Bold Symbols
\pmbraise@=\dimen271
)
(C:\Users\p281989\AppData\Local\Programs\MiKTeX\tex/latex/amsmath\amsopn.sty
Package: amsopn 2016/03/08 v2.02 operator names
)
\inf@bad=\count318
LaTeX Info: Redefining \frac on input line 234.
\uproot@=\count319
\leftroot@=\count320
LaTeX Info: Redefining \overline on input line 399.
\classnum@=\count321
\DOTSCASE@=\count322
LaTeX Info: Redefining \ldots on input line 496.
LaTeX Info: Redefining \dots on input line 499.
LaTeX Info: Redefining \cdots on input line 620.
\Mathstrutbox@=\box54
\strutbox@=\box55
\big@size=\dimen272
LaTeX Font Info:    Redeclaring font encoding OML on input line 743.
LaTeX Font Info:    Redeclaring font encoding OMS on input line 744.
\macc@depth=\count323
\c@MaxMatrixCols=\count324
\dotsspace@=\muskip17
\c@parentequation=\count325
\dspbrk@lvl=\count326
\tag@help=\toks35
\row@=\count327
\column@=\count328
\maxfields@=\count329
\andhelp@=\toks36
\eqnshift@=\dimen273
\alignsep@=\dimen274
\tagshift@=\dimen275
\tagwidth@=\dimen276
\totwidth@=\dimen277
\lineht@=\dimen278
\@envbody=\toks37
\multlinegap=\skip53
\multlinetaggap=\skip54
\mathdisplay@stack=\toks38
LaTeX Info: Redefining \[ on input line 2923.
LaTeX Info: Redefining \] on input line 2924.
)
(C:\Users\p281989\AppData\Local\Programs\MiKTeX\tex/latex/amsfonts\amssymb.sty
Package: amssymb 2013/01/14 v3.01 AMS font symbols

(C:\Users\p281989\AppData\Local\Programs\MiKTeX\tex/latex/amsfonts\amsfonts.sty
Package: amsfonts 2013/01/14 v3.01 Basic AMSFonts support
\symAMSa=\mathgroup4
\symAMSb=\mathgroup5
LaTeX Font Info:    Redeclaring math symbol \hbar on input line 98.
LaTeX Font Info:    Overwriting math alphabet `\mathfrak' in version `bold'
(Font)                  U/euf/m/n --> U/euf/b/n on input line 106.
)) (C:\Users\p281989\AppData\Local\Programs\MiKTeX\tex/latex/amscls\amsthm.sty
Package: amsthm 2020/05/29 v2.20.6
\thm@style=\toks39
\thm@bodyfont=\toks40
\thm@headfont=\toks41
\thm@notefont=\toks42
\thm@headpunct=\toks43
\thm@preskip=\skip55
\thm@postskip=\skip56
\thm@headsep=\skip57
\dth@everypar=\toks44
)
(C:\Users\p281989\AppData\Local\Programs\MiKTeX\tex/latex/jknappen\mathrsfs.sty
Package: mathrsfs 1996/01/01 Math RSFS package v1.0 (jk)
\symrsfs=\mathgroup6
)
(C:\Users\p281989\AppData\Local\Programs\MiKTeX\tex/latex/doublestroke\dsfont.s
ty
Package: dsfont 1995/08/01 v0.1 Double stroke roman fonts
)
(C:\Users\p281989\AppData\Local\Programs\MiKTeX\tex/latex/graphics\graphicx.sty
Package: graphicx 2020/12/05 v1.2c Enhanced LaTeX Graphics (DPC,SPQR)

(C:\Users\p281989\AppData\Local\Programs\MiKTeX\tex/latex/graphics\graphics.sty
Package: graphics 2021/03/04 v1.4d Standard LaTeX Graphics (DPC,SPQR)
(C:\Users\p281989\AppData\Local\Programs\MiKTeX\tex/latex/graphics\trig.sty
Package: trig 2016/01/03 v1.10 sin cos tan (DPC)
)
(C:\Users\p281989\AppData\Local\Programs\MiKTeX\tex/latex/graphics-cfg\graphics
.cfg
File: graphics.cfg 2016/06/04 v1.11 sample graphics configuration
)
Package graphics Info: Driver file: pdftex.def on input line 107.
)
\Gin@req@height=\dimen279
\Gin@req@width=\dimen280
)
(C:\Users\p281989\AppData\Local\Programs\MiKTeX\tex/latex/caption\caption.sty
Package: caption 2020/10/26 v3.5g Customizing captions (AR)

(C:\Users\p281989\AppData\Local\Programs\MiKTeX\tex/latex/caption\caption3.sty
Package: caption3 2020/10/21 v2.2e caption3 kernel (AR)
\captionmargin=\dimen281
\captionmargin@=\dimen282
\captionwidth=\dimen283
\caption@tempdima=\dimen284
\caption@indent=\dimen285
\caption@parindent=\dimen286
\caption@hangindent=\dimen287
Package caption Info: Standard document class detected.
)
\c@caption@flags=\count330
\c@continuedfloat=\count331
Package caption Info: hyperref package is loaded.
)
(C:\Users\p281989\AppData\Local\Programs\MiKTeX\tex/latex/epigraph\epigraph.sty
Package: epigraph 2020/01/02 v1.5e typesetting epigraphs

(C:\Users\p281989\AppData\Local\Programs\MiKTeX\tex/latex/nextpage\nextpage.sty
Package: nextpage 2009/09/03 v1.1a additional page commands
)
\beforeepigraphskip=\skip58
\afterepigraphskip=\skip59
\epigraphwidth=\skip60
\epigraphrule=\skip61
)
(C:\Users\p281989\AppData\Local\Programs\MiKTeX\tex/latex/tools\indentfirst.sty
Package: indentfirst 1995/11/23 v1.03 Indent first paragraph (DPC)
)
(C:\Users\p281989\AppData\Local\Programs\MiKTeX\tex/latex/booktabs\booktabs.sty
Package: booktabs 2020/01/12 v1.61803398 Publication quality tables
\heavyrulewidth=\dimen288
\lightrulewidth=\dimen289
\cmidrulewidth=\dimen290
\belowrulesep=\dimen291
\belowbottomsep=\dimen292
\aboverulesep=\dimen293
\abovetopsep=\dimen294
\cmidrulesep=\dimen295
\cmidrulekern=\dimen296
\defaultaddspace=\dimen297
\@cmidla=\count332
\@cmidlb=\count333
\@aboverulesep=\dimen298
\@belowrulesep=\dimen299
\@thisruleclass=\count334
\@lastruleclass=\count335
\@thisrulewidth=\dimen300
)
(C:\Users\p281989\AppData\Local\Programs\MiKTeX\tex/latex/fancyhdr\fancyhdr.sty
Package: fancyhdr 2021/01/28 v4.0.1 Extensive control of page headers and foote
rs
\f@nch@headwidth=\skip62
\f@nch@O@elh=\skip63
\f@nch@O@erh=\skip64
\f@nch@O@olh=\skip65
\f@nch@O@orh=\skip66
\f@nch@O@elf=\skip67
\f@nch@O@erf=\skip68
\f@nch@O@olf=\skip69
\f@nch@O@orf=\skip70
) (C:\Users\p281989\AppData\Local\Programs\MiKTeX\tex/latex/vmargin\vmargin.sty
Package: vmargin 2004/07/15 V2.5 set document margins (VK)
Package: vmargin 2004/07/15 V2.5 set document margins (VK)
\PaperWidth=\dimen301
\PaperHeight=\dimen302
) (C:\Users\p281989\AppData\Local\Programs\MiKTeX\tex/latex/feynmf\feynmf.sty
Package: feynmf 1996/12/02 v1.08 LaTeX/Metafont Feynman Diagram Package (ohl)
\@outfmf=\write3
\fmfbuf@=\toks45
\c@fmfgraph=\count336
\grep@infile=\read4
\grep@outfile=\write4
)
(C:\Users\p281989\AppData\Local\Programs\MiKTeX\tex/latex/yfonts\yfonts.sty
Package: yfonts 2019/04/04 v1.4 (WaS&NP)
Now handling font encoding LY ...
... no UTF-8 mapping file for font encoding LY
Now handling font encoding LYG ...
... no UTF-8 mapping file for font encoding LYG
LaTeX Info: Composite with undeclared \" in encoding LYG on input line 58.
)
(C:\Users\p281989\AppData\Local\Programs\MiKTeX\tex/latex/graphics\lscape.sty
Package: lscape 2020/05/28 v3.02 Landscape Pages (DPC)
)
(C:\Users\p281989\AppData\Local\Programs\MiKTeX\tex/latex/subfig\subfig.sty
Package: subfig 2005/06/28 ver: 1.3 subfig package
\c@KVtest=\count337
\sf@farskip=\skip71
\sf@captopadj=\dimen303
\sf@capskip=\skip72
\sf@nearskip=\skip73
\c@subfigure=\count338
\c@subfigure@save=\count339
\c@lofdepth=\count340
\c@subtable=\count341
\c@subtable@save=\count342
\c@lotdepth=\count343
\sf@top=\skip74
\sf@bottom=\skip75
)
(C:\Users\p281989\AppData\Local\Programs\MiKTeX\tex/latex/base\textcomp.sty
Package: textcomp 2020/02/02 v2.0n Standard LaTeX package
)
(C:\Users\p281989\AppData\Local\Programs\MiKTeX\tex/generic/mfpic\mfpic.sty
Package: mfpic 2012/12/03 v1.10. Macros for drawing with Metafont/MetaPost.

(C:\Users\p281989\AppData\Local\Programs\MiKTeX\tex/generic/mfpic\mfpic.tex
\mfp@out=\write5
\mfp@graph=\read5
\mfp@count=\count344
\mfp@linetype=\count345
\mfp@sequence=\count346
\mfp@toks=\toks46
\mfp@verbtex=\toks47
\mfp@fdc=\count347
\@wholegraph=\box56
\@textbox=\box57
\@alltlabels=\box58
\@backtext=\box59
\@tlabelstop=\fontdimen 23\mfp@dummy 
\@tlabelsbot=\fontdimen 24\mfp@dummy 
\@tlabelsleft=\fontdimen 25\mfp@dummy 
\@graphright=\fontdimen 26\mfp@dummy 
\@graphleft=\fontdimen 27\mfp@dummy 
\@graphtop=\fontdimen 28\mfp@dummy 
\@graphbot=\fontdimen 29\mfp@dummy 
\tb@raise=\fontdimen 30\mfp@dummy 
\tb@moveright=\fontdimen 31\mfp@dummy 
\tb@totalht=\fontdimen 32\mfp@dummy 
\tlabel@hadj=\fontdimen 33\mfp@dummy 
\tlabel@vadj=\fontdimen 34\mfp@dummy 
\tlabel@sep=\fontdimen 35\mfp@dummy 
\tlpath@sep=\fontdimen 36\mfp@dummy 
\mfpicunit=\fontdimen 37\mfp@dummy 
\@mfpicunit=\fontdimen 38\mfp@dummy 
\pointsize=\fontdimen 39\mfp@dummy 
\shadespace=\fontdimen 40\mfp@dummy 
\polkadotspace=\fontdimen 41\mfp@dummy 
\hatchspace=\fontdimen 42\mfp@dummy 
\headlen=\fontdimen 43\mfp@dummy 
\axisheadlen=\fontdimen 44\mfp@dummy 
\sideheadlen=\fontdimen 45\mfp@dummy 
\hashlen=\fontdimen 46\mfp@dummy 
\dashlen=\fontdimen 47\mfp@dummy 
\dashspace=\fontdimen 48\mfp@dummy 
\dotsize=\fontdimen 49\mfp@dummy 
\griddotsize=\fontdimen 50\mfp@dummy 
\dotspace=\fontdimen 51\mfp@dummy 
\symbolspace=\fontdimen 52\mfp@dummy 
\mfp@scratch=\dimen304
\mfpframesep=\dimen305
\mfpframethickness=\dimen306
\mfpicheight=\dimen307
\mfpicwidth=\dimen308
\mfpiccaptionskip=\skip76
\tl@vpos=\count348
\tl@hpos=\count349
\mfp@commentchar=\count350
))
(C:\Users\p281989\AppData\Local\Programs\MiKTeX\tex/latex/fancybox\fancybox.sty
Package: fancybox 2010/05/15 1.4
Style option: `fancybox' v1.4 <2010/05/15> (tvz)
\@fancybox=\box60
\shadowsize=\dimen309
\@Sbox=\box61
\do@VerbBox=\toks48
\the@fancyput=\toks49
\this@fancyput=\toks50
\EndVerbatimTokens=\toks51
\Verbatim@Outfile=\write6
\Verbatim@Infile=\read6
)
(C:\Users\p281989\AppData\Local\Programs\MiKTeX\tex/latex/carlisle\slashed.sty
Package: slashed 1997/01/16 v0.01 Feynman Slashed Character Notation (DPC)
) (C:\Users\p281989\AppData\Local\Programs\MiKTeX\tex/latex/wrapfig\wrapfig.sty
\wrapoverhang=\dimen310
\WF@size=\dimen311
\c@WF@wrappedlines=\count351
\WF@box=\box62
\WF@everypar=\toks52
Package: wrapfig 2003/01/31  v 3.6
) (C:\Users\p281989\AppData\Local\Programs\MiKTeX\tex/latex/psnfss\pifont.sty
Package: pifont 2020/03/25 PSNFSS-v9.3 Pi font support (SPQR) 
LaTeX Font Info:    Trying to load font information for U+pzd on input line 63.


(C:\Users\p281989\AppData\Local\Programs\MiKTeX\tex/latex/psnfss\upzd.fd
File: upzd.fd 2001/06/04 font definitions for U/pzd.
)
LaTeX Font Info:    Trying to load font information for U+psy on input line 64.


(C:\Users\p281989\AppData\Local\Programs\MiKTeX\tex/latex/psnfss\upsy.fd
File: upsy.fd 2001/06/04 font definitions for U/psy.
))
(C:\Users\p281989\AppData\Local\Programs\MiKTeX\tex/latex/keystroke\keystroke.s
ty
Package: keystroke 2010/04/23 v1.6 3D keystrokes (SuSE GmbH/RN)
\suse@key=\box63
\keystroke@left=\box64
\keystroke@right=\box65
\keystroke@middle=\box66
<keystroke_left.pdf, id=1, 42.1575pt x 195.73125pt>
File: keystroke_left.pdf Graphic file (type pdf)
<use keystroke_left.pdf>
Package pdftex.def Info: keystroke_left.pdf  used on input line 171.
(pdftex.def)             Requested size: 42.15738pt x 195.73076pt.
<keystroke_middle.pdf, id=2, 116.435pt x 195.73125pt>
File: keystroke_middle.pdf Graphic file (type pdf)
<use keystroke_middle.pdf>
Package pdftex.def Info: keystroke_middle.pdf  used on input line 172.
(pdftex.def)             Requested size: 116.43471pt x 195.73076pt.
<keystroke_right.pdf, id=3, 42.1575pt x 195.73125pt>
File: keystroke_right.pdf Graphic file (type pdf)
<use keystroke_right.pdf>
Package pdftex.def Info: keystroke_right.pdf  used on input line 173.
(pdftex.def)             Requested size: 42.15738pt x 195.73076pt.
)
(C:\Users\p281989\AppData\Local\Programs\MiKTeX\tex/latex/appendix\appendix.sty
Package: appendix 2020/02/08 v1.2c extra appendix facilities
\c@@pps=\count352
\c@@ppsavesec=\count353
\c@@ppsaveapp=\count354
)
(C:\Users\p281989\AppData\Local\Programs\MiKTeX\tex/latex/enumitem\enumitem.sty
Package: enumitem 2019/06/20 v3.9 Customized lists
\labelindent=\skip77
\enit@outerparindent=\dimen312
\enit@toks=\toks53
\enit@inbox=\box67
\enit@count@id=\count355
\enitdp@description=\count356
) (C:\Users\p281989\AppData\Local\Programs\MiKTeX\tex/latex/tools\array.sty
Package: array 2021/04/20 v2.5e Tabular extension package (FMi)
\col@sep=\dimen313
\ar@mcellbox=\box68
\extrarowheight=\dimen314
\NC@list=\toks54
\extratabsurround=\skip78
\backup@length=\skip79
\ar@cellbox=\box69
)
(C:\Users\p281989\AppData\Local\Programs\MiKTeX\tex/latex/colortbl\colortbl.sty
Package: colortbl 2020/01/04 v1.0e Color table columns (DPC)
\everycr=\toks55
\minrowclearance=\skip80
) (C:\Users\p281989\AppData\Local\Programs\MiKTeX\tex/latex/base\alltt.sty
Package: alltt 2021/01/29 v2.0g defines alltt environment
)
(C:\Users\p281989\AppData\Local\Programs\MiKTeX\tex/latex/boxedminipage\boxedmi
nipage.sty
Package: boxedminipage 2020/04/19 v1.1 Boxed LaTeX2e minipages
\bmp@box=\box70
\bmp@width=\skip81
\bmp@height=\skip82
)
(C:\Users\p281989\AppData\Local\Programs\MiKTeX\tex/latex/pgf/frontendlayer\tik
z.sty
(C:\Users\p281989\AppData\Local\Programs\MiKTeX\tex/latex/pgf/basiclayer\pgf.st
y
(C:\Users\p281989\AppData\Local\Programs\MiKTeX\tex/latex/pgf/utilities\pgfrcs.
sty
(C:\Users\p281989\AppData\Local\Programs\MiKTeX\tex/generic/pgf/utilities\pgfut
il-common.tex
\pgfutil@everybye=\toks56
\pgfutil@tempdima=\dimen315
\pgfutil@tempdimb=\dimen316

(C:\Users\p281989\AppData\Local\Programs\MiKTeX\tex/generic/pgf/utilities\pgfut
il-common-lists.tex))
(C:\Users\p281989\AppData\Local\Programs\MiKTeX\tex/generic/pgf/utilities\pgfut
il-latex.def
\pgfutil@abb=\box71
)
(C:\Users\p281989\AppData\Local\Programs\MiKTeX\tex/generic/pgf/utilities\pgfrc
s.code.tex
(C:\Users\p281989\AppData\Local\Programs\MiKTeX\tex/generic/pgf\pgf.revision.te
x)
Package: pgfrcs 2021/05/15 v3.1.9a (3.1.9a)
))
Package: pgf 2021/05/15 v3.1.9a (3.1.9a)

(C:\Users\p281989\AppData\Local\Programs\MiKTeX\tex/latex/pgf/basiclayer\pgfcor
e.sty
(C:\Users\p281989\AppData\Local\Programs\MiKTeX\tex/latex/pgf/systemlayer\pgfsy
s.sty
(C:\Users\p281989\AppData\Local\Programs\MiKTeX\tex/generic/pgf/systemlayer\pgf
sys.code.tex
Package: pgfsys 2021/05/15 v3.1.9a (3.1.9a)

(C:\Users\p281989\AppData\Local\Programs\MiKTeX\tex/generic/pgf/utilities\pgfke
ys.code.tex)
\pgf@x=\dimen317
\pgf@y=\dimen318
\pgf@xa=\dimen319
\pgf@ya=\dimen320
\pgf@xb=\dimen321
\pgf@yb=\dimen322
\pgf@xc=\dimen323
\pgf@yc=\dimen324
\pgf@xd=\dimen325
\pgf@yd=\dimen326
\w@pgf@writea=\write7
\r@pgf@reada=\read7
\c@pgf@counta=\count357
\c@pgf@countb=\count358
\c@pgf@countc=\count359
\c@pgf@countd=\count360
\t@pgf@toka=\toks57
\t@pgf@tokb=\toks58
\t@pgf@tokc=\toks59
\pgf@sys@id@count=\count361

(C:\Users\p281989\AppData\Local\Programs\MiKTeX\tex/generic/pgf/systemlayer\pgf
.cfg
File: pgf.cfg 2021/05/15 v3.1.9a (3.1.9a)
)
Driver file for pgf: pgfsys-pdftex.def

(C:\Users\p281989\AppData\Local\Programs\MiKTeX\tex/generic/pgf/systemlayer\pgf
sys-pdftex.def
File: pgfsys-pdftex.def 2021/05/15 v3.1.9a (3.1.9a)

(C:\Users\p281989\AppData\Local\Programs\MiKTeX\tex/generic/pgf/systemlayer\pgf
sys-common-pdf.def
File: pgfsys-common-pdf.def 2021/05/15 v3.1.9a (3.1.9a)
)))
(C:\Users\p281989\AppData\Local\Programs\MiKTeX\tex/generic/pgf/systemlayer\pgf
syssoftpath.code.tex
File: pgfsyssoftpath.code.tex 2021/05/15 v3.1.9a (3.1.9a)
\pgfsyssoftpath@smallbuffer@items=\count362
\pgfsyssoftpath@bigbuffer@items=\count363
)
(C:\Users\p281989\AppData\Local\Programs\MiKTeX\tex/generic/pgf/systemlayer\pgf
sysprotocol.code.tex
File: pgfsysprotocol.code.tex 2021/05/15 v3.1.9a (3.1.9a)
))
(C:\Users\p281989\AppData\Local\Programs\MiKTeX\tex/generic/pgf/basiclayer\pgfc
ore.code.tex
Package: pgfcore 2021/05/15 v3.1.9a (3.1.9a)

(C:\Users\p281989\AppData\Local\Programs\MiKTeX\tex/generic/pgf/math\pgfmath.co
de.tex)
(C:\Users\p281989\AppData\Local\Programs\MiKTeX\tex/generic/pgf/math\pgfint.cod
e.tex)
(C:\Users\p281989\AppData\Local\Programs\MiKTeX\tex/generic/pgf/basiclayer\pgfc
orepoints.code.tex
File: pgfcorepoints.code.tex 2021/05/15 v3.1.9a (3.1.9a)
\pgf@picminx=\dimen327
\pgf@picmaxx=\dimen328
\pgf@picminy=\dimen329
\pgf@picmaxy=\dimen330
\pgf@pathminx=\dimen331
\pgf@pathmaxx=\dimen332
\pgf@pathminy=\dimen333
\pgf@pathmaxy=\dimen334
\pgf@xx=\dimen335
\pgf@xy=\dimen336
\pgf@yx=\dimen337
\pgf@yy=\dimen338
\pgf@zx=\dimen339
\pgf@zy=\dimen340
)
(C:\Users\p281989\AppData\Local\Programs\MiKTeX\tex/generic/pgf/basiclayer\pgfc
orepathconstruct.code.tex
File: pgfcorepathconstruct.code.tex 2021/05/15 v3.1.9a (3.1.9a)
\pgf@path@lastx=\dimen341
\pgf@path@lasty=\dimen342
)
(C:\Users\p281989\AppData\Local\Programs\MiKTeX\tex/generic/pgf/basiclayer\pgfc
orepathusage.code.tex
File: pgfcorepathusage.code.tex 2021/05/15 v3.1.9a (3.1.9a)
\pgf@shorten@end@additional=\dimen343
\pgf@shorten@start@additional=\dimen344
)
(C:\Users\p281989\AppData\Local\Programs\MiKTeX\tex/generic/pgf/basiclayer\pgfc
orescopes.code.tex
File: pgfcorescopes.code.tex 2021/05/15 v3.1.9a (3.1.9a)
\pgfpic=\box72
\pgf@hbox=\box73
\pgf@layerbox@main=\box74
\pgf@picture@serial@count=\count364
)
(C:\Users\p281989\AppData\Local\Programs\MiKTeX\tex/generic/pgf/basiclayer\pgfc
oregraphicstate.code.tex
File: pgfcoregraphicstate.code.tex 2021/05/15 v3.1.9a (3.1.9a)
\pgflinewidth=\dimen345
)
(C:\Users\p281989\AppData\Local\Programs\MiKTeX\tex/generic/pgf/basiclayer\pgfc
oretransformations.code.tex
File: pgfcoretransformations.code.tex 2021/05/15 v3.1.9a (3.1.9a)
\pgf@pt@x=\dimen346
\pgf@pt@y=\dimen347
\pgf@pt@temp=\dimen348
)
(C:\Users\p281989\AppData\Local\Programs\MiKTeX\tex/generic/pgf/basiclayer\pgfc
orequick.code.tex
File: pgfcorequick.code.tex 2021/05/15 v3.1.9a (3.1.9a)
)
(C:\Users\p281989\AppData\Local\Programs\MiKTeX\tex/generic/pgf/basiclayer\pgfc
oreobjects.code.tex
File: pgfcoreobjects.code.tex 2021/05/15 v3.1.9a (3.1.9a)
)
(C:\Users\p281989\AppData\Local\Programs\MiKTeX\tex/generic/pgf/basiclayer\pgfc
orepathprocessing.code.tex
File: pgfcorepathprocessing.code.tex 2021/05/15 v3.1.9a (3.1.9a)
)
(C:\Users\p281989\AppData\Local\Programs\MiKTeX\tex/generic/pgf/basiclayer\pgfc
orearrows.code.tex
File: pgfcorearrows.code.tex 2021/05/15 v3.1.9a (3.1.9a)
\pgfarrowsep=\dimen349
)
(C:\Users\p281989\AppData\Local\Programs\MiKTeX\tex/generic/pgf/basiclayer\pgfc
oreshade.code.tex
File: pgfcoreshade.code.tex 2021/05/15 v3.1.9a (3.1.9a)
\pgf@max=\dimen350
\pgf@sys@shading@range@num=\count365
\pgf@shadingcount=\count366
)
(C:\Users\p281989\AppData\Local\Programs\MiKTeX\tex/generic/pgf/basiclayer\pgfc
oreimage.code.tex
File: pgfcoreimage.code.tex 2021/05/15 v3.1.9a (3.1.9a)

(C:\Users\p281989\AppData\Local\Programs\MiKTeX\tex/generic/pgf/basiclayer\pgfc
oreexternal.code.tex
File: pgfcoreexternal.code.tex 2021/05/15 v3.1.9a (3.1.9a)
\pgfexternal@startupbox=\box75
))
(C:\Users\p281989\AppData\Local\Programs\MiKTeX\tex/generic/pgf/basiclayer\pgfc
orelayers.code.tex
File: pgfcorelayers.code.tex 2021/05/15 v3.1.9a (3.1.9a)
)
(C:\Users\p281989\AppData\Local\Programs\MiKTeX\tex/generic/pgf/basiclayer\pgfc
oretransparency.code.tex
File: pgfcoretransparency.code.tex 2021/05/15 v3.1.9a (3.1.9a)
)
(C:\Users\p281989\AppData\Local\Programs\MiKTeX\tex/generic/pgf/basiclayer\pgfc
orepatterns.code.tex
File: pgfcorepatterns.code.tex 2021/05/15 v3.1.9a (3.1.9a)
)
(C:\Users\p281989\AppData\Local\Programs\MiKTeX\tex/generic/pgf/basiclayer\pgfc
orerdf.code.tex
File: pgfcorerdf.code.tex 2021/05/15 v3.1.9a (3.1.9a)
)))
(C:\Users\p281989\AppData\Local\Programs\MiKTeX\tex/generic/pgf/modules\pgfmodu
leshapes.code.tex
File: pgfmoduleshapes.code.tex 2021/05/15 v3.1.9a (3.1.9a)
\pgfnodeparttextbox=\box76
)
(C:\Users\p281989\AppData\Local\Programs\MiKTeX\tex/generic/pgf/modules\pgfmodu
leplot.code.tex
File: pgfmoduleplot.code.tex 2021/05/15 v3.1.9a (3.1.9a)
)
(C:\Users\p281989\AppData\Local\Programs\MiKTeX\tex/latex/pgf/compatibility\pgf
comp-version-0-65.sty
Package: pgfcomp-version-0-65 2021/05/15 v3.1.9a (3.1.9a)
\pgf@nodesepstart=\dimen351
\pgf@nodesepend=\dimen352
)
(C:\Users\p281989\AppData\Local\Programs\MiKTeX\tex/latex/pgf/compatibility\pgf
comp-version-1-18.sty
Package: pgfcomp-version-1-18 2021/05/15 v3.1.9a (3.1.9a)
))
(C:\Users\p281989\AppData\Local\Programs\MiKTeX\tex/latex/pgf/utilities\pgffor.
sty
(C:\Users\p281989\AppData\Local\Programs\MiKTeX\tex/latex/pgf/utilities\pgfkeys
.sty
(C:\Users\p281989\AppData\Local\Programs\MiKTeX\tex/generic/pgf/utilities\pgfke
ys.code.tex))
(C:\Users\p281989\AppData\Local\Programs\MiKTeX\tex/latex/pgf/math\pgfmath.sty
(C:\Users\p281989\AppData\Local\Programs\MiKTeX\tex/generic/pgf/math\pgfmath.co
de.tex))
(C:\Users\p281989\AppData\Local\Programs\MiKTeX\tex/generic/pgf/utilities\pgffo
r.code.tex
Package: pgffor 2021/05/15 v3.1.9a (3.1.9a)

(C:\Users\p281989\AppData\Local\Programs\MiKTeX\tex/generic/pgf/math\pgfmath.co
de.tex)
\pgffor@iter=\dimen353
\pgffor@skip=\dimen354
\pgffor@stack=\toks60
\pgffor@toks=\toks61
))
(C:\Users\p281989\AppData\Local\Programs\MiKTeX\tex/generic/pgf/frontendlayer/t
ikz\tikz.code.tex
Package: tikz 2021/05/15 v3.1.9a (3.1.9a)

(C:\Users\p281989\AppData\Local\Programs\MiKTeX\tex/generic/pgf/libraries\pgfli
braryplothandlers.code.tex
File: pgflibraryplothandlers.code.tex 2021/05/15 v3.1.9a (3.1.9a)
\pgf@plot@mark@count=\count367
\pgfplotmarksize=\dimen355
)
\tikz@lastx=\dimen356
\tikz@lasty=\dimen357
\tikz@lastxsaved=\dimen358
\tikz@lastysaved=\dimen359
\tikz@lastmovetox=\dimen360
\tikz@lastmovetoy=\dimen361
\tikzleveldistance=\dimen362
\tikzsiblingdistance=\dimen363
\tikz@figbox=\box77
\tikz@figbox@bg=\box78
\tikz@tempbox=\box79
\tikz@tempbox@bg=\box80
\tikztreelevel=\count368
\tikznumberofchildren=\count369
\tikznumberofcurrentchild=\count370
\tikz@fig@count=\count371

(C:\Users\p281989\AppData\Local\Programs\MiKTeX\tex/generic/pgf/modules\pgfmodu
lematrix.code.tex
File: pgfmodulematrix.code.tex 2021/05/15 v3.1.9a (3.1.9a)
\pgfmatrixcurrentrow=\count372
\pgfmatrixcurrentcolumn=\count373
\pgf@matrix@numberofcolumns=\count374
)
\tikz@expandcount=\count375

(C:\Users\p281989\AppData\Local\Programs\MiKTeX\tex/generic/pgf/frontendlayer/t
ikz/libraries\tikzlibrarytopaths.code.tex
File: tikzlibrarytopaths.code.tex 2021/05/15 v3.1.9a (3.1.9a)
)))
(C:\Users\p281989\AppData\Local\Programs\MiKTeX\tex/latex/tools\calc.sty
Package: calc 2017/05/25 v4.3 Infix arithmetic (KKT,FJ)
\calc@Acount=\count376
\calc@Bcount=\count377
\calc@Adimen=\dimen364
\calc@Bdimen=\dimen365
\calc@Askip=\skip83
\calc@Bskip=\skip84
LaTeX Info: Redefining \setlength on input line 80.
LaTeX Info: Redefining \addtolength on input line 81.
\calc@Ccount=\count378
\calc@Cskip=\skip85
)
(C:\Users\p281989\AppData\Local\Programs\MiKTeX\tex/latex/subfloat\subfloat.sty
Package: subfloat 2003/08/21 version 2.14
Package `subfloat', Version 2.14 of 2003/08/21.

Package subfloat Warning: Numbers of floats not counted:
(subfloat)                If you use one of the counters subfloatfiguremax or
(subfloat)                subfloattablemax you will get strange error messages
(subfloat)                containing \c@subfloatfiguremax or
(subfloat)                \c@subfloattablemax:
(subfloat)                Please switch on countmax or remove the code using
(subfloat)                the counter then..

)
(C:\Users\p281989\AppData\Local\Programs\MiKTeX\tex/latex/multirow\multirow.sty
Package: multirow 2021/03/15 v2.8 Span multiple rows of a table
\multirow@colwidth=\skip86
\multirow@cntb=\count379
\multirow@dima=\skip87
\bigstrutjot=\dimen366
) (C:\Users\p281989\AppData\Local\Programs\MiKTeX\tex/latex/cmll\cmll.sty
Package: cmll 2010/04/20 Linear Logic symbols for Computer Modern

(C:\Users\p281989\AppData\Local\Programs\MiKTeX\tex/latex/base\ifthen.sty
Package: ifthen 2020/11/24 v1.1c Standard LaTeX ifthen package (DPC)
)
\symllsymbols=\mathgroup7
LaTeX Font Info:    Overwriting symbol font `llsymbols' in version `bold'
(Font)                  U/cmllr/m/n --> U/cmllr/bx/n on input line 49.
)
(C:\Users\p281989\AppData\Local\Programs\MiKTeX\tex/latex/tools\multicol.sty
Package: multicol 2019/12/09 v1.8y multicolumn formatting (FMi)
\c@tracingmulticols=\count380
\mult@box=\box81
\multicol@leftmargin=\dimen367
\c@unbalance=\count381
\c@collectmore=\count382
\doublecol@number=\count383
\multicoltolerance=\count384
\multicolpretolerance=\count385
\full@width=\dimen368
\page@free=\dimen369
\premulticols=\dimen370
\postmulticols=\dimen371
\multicolsep=\skip88
\multicolbaselineskip=\skip89
\partial@page=\box82
\last@line=\box83
\maxbalancingoverflow=\dimen372
\mult@rightbox=\box84
\mult@grightbox=\box85
\mult@gfirstbox=\box86
\mult@firstbox=\box87
\@tempa=\box88
\@tempa=\box89
\@tempa=\box90
\@tempa=\box91
\@tempa=\box92
\@tempa=\box93
\@tempa=\box94
\@tempa=\box95
\@tempa=\box96
\@tempa=\box97
\@tempa=\box98
\@tempa=\box99
\@tempa=\box100
\@tempa=\box101
\@tempa=\box102
\@tempa=\box103
\@tempa=\box104
\@tempa=\box105
\@tempa=\box106
\@tempa=\box107
\@tempa=\box108
\@tempa=\box109
\@tempa=\box110
\@tempa=\box111
\@tempa=\box112
\@tempa=\box113
\@tempa=\box114
\@tempa=\box115
\@tempa=\box116
\@tempa=\box117
\@tempa=\box118
\@tempa=\box119
\@tempa=\box120
\@tempa=\box121
\@tempa=\box122
\@tempa=\box123
\@tempa=\box124
\c@minrows=\count386
\c@columnbadness=\count387
\c@finalcolumnbadness=\count388
\last@try=\dimen373
\multicolovershoot=\dimen374
\multicolundershoot=\dimen375
\mult@nat@firstbox=\box125
\colbreak@box=\box126
\mc@col@check@num=\count389
)
(C:\Users\p281989\AppData\Local\Programs\MiKTeX\tex/latex/bookmark\bookmark.sty
Package: bookmark 2020-11-06 v1.29 PDF bookmarks (HO)

(C:\Users\p281989\AppData\Local\Programs\MiKTeX\tex/latex/bookmark\bkm-pdftex.d
ef
File: bkm-pdftex.def 2020-11-06 v1.29 bookmark driver for pdfTeX (HO)
\BKM@id=\count390
))
(C:\Users\p281989\AppData\Local\Programs\MiKTeX\tex/latex/tools\verbatim.sty
Package: verbatim 2020-07-07 v1.5u LaTeX2e package for verbatim enhancements
\every@verbatim=\toks62
\verbatim@line=\toks63
\verbatim@in@stream=\read8
)
(C:\Users\p281989\AppData\Local\Programs\MiKTeX\tex/generic/youngtab\youngtab.s
ty
Package: youngtab 1999/05/19 v1.1; Macros for Young-Tableaux
\y@b@xdim=\dimen376
\y@boxdim=\dimen377
\y@linethick=\dimen378
\y@interspace=\skip90
\y@counter=\count391
)
(C:\Users\p281989\AppData\Local\Programs\MiKTeX\tex/latex/jknappen\young.sty
\hoogte=\dimen379
\breedte=\dimen380
\dikte=\dimen381
)
(C:\Users\p281989\AppData\Local\Programs\MiKTeX\tex/latex/pst-grad\pst-grad.sty
Package: pst-grad 2004/07/15 package wrapper for pst-grad.tex (hv)

(C:\Users\p281989\AppData\Local\Programs\MiKTeX\tex/generic/pst-grad\pst-grad.t
ex `pst-grad' v1.06, 2006/11/27 (tvz,dg,hv))
File: pst-grad.tex 2006/11/27 1.06 `pst-grad' (tvz)
)
(C:\Users\p281989\AppData\Local\Programs\MiKTeX\tex/latex/transparent\transpare
nt.sty
Package: transparent 2019/11/29 v1.4 Transparency via pdfTeX's color stack (HO)

)
(C:\Users\p281989\AppData\Local\Programs\MiKTeX\tex/generic/soul\soul.sty
Package: soul 2003/11/17 v2.4 letterspacing/underlining (mf)
\SOUL@word=\toks64
\SOUL@lasttoken=\toks65
\SOUL@cmds=\toks66
\SOUL@buffer=\toks67
\SOUL@token=\toks68
\SOUL@spaceskip=\skip91
\SOUL@ttwidth=\dimen382
\SOUL@uldp=\dimen383
\SOUL@ulht=\dimen384
)
(C:\Users\p281989\AppData\Local\Programs\MiKTeX\tex/latex/cancel\cancel.sty
Package: cancel 2013/04/12 v2.2 Cancel math terms
)
(C:\Users\p281989\AppData\Local\Programs\MiKTeX\tex/latex/tools\bm.sty
Package: bm 2021/04/25 v1.2e Bold Symbol Support (DPC/FMi)
\symboldoperators=\mathgroup8
\symboldletters=\mathgroup9
\symboldsymbols=\mathgroup10
Package bm Info: No bold for \OMX/cmex/m/n, using \pmb.
Package bm Info: No bold for \U/msa/m/n, using \pmb.
Package bm Info: No bold for \U/msb/m/n, using \pmb.
Package bm Info: No bold for \U/rsfs/m/n, using \pmb.
\symboldllsymbols=\mathgroup11
LaTeX Font Info:    Redeclaring math alphabet \mathbf on input line 149.
)
(C:\Users\p281989\AppData\Local\Programs\MiKTeX\tex/latex/placeins\placeins.sty
Package: placeins 2005/04/18  v 2.2
)
(C:\Users\p281989\AppData\Local\Programs\MiKTeX\tex/latex/mathtools\mathtools.s
ty
Package: mathtools 2021/04/12 v1.27 mathematical typesetting tools

(C:\Users\p281989\AppData\Local\Programs\MiKTeX\tex/latex/mathtools\mhsetup.sty
Package: mhsetup 2021/03/18 v1.4 programming setup (MH)
)
LaTeX Info: Thecontrolsequence`\('isalreadyrobust on input line 130.
LaTeX Info: Thecontrolsequence`\)'isalreadyrobust on input line 130.
LaTeX Info: Thecontrolsequence`\['isalreadyrobust on input line 130.
LaTeX Info: Thecontrolsequence`\]'isalreadyrobust on input line 130.
\g_MT_multlinerow_int=\count392
\l_MT_multwidth_dim=\dimen385
\origjot=\skip92
\l_MT_shortvdotswithinadjustabove_dim=\dimen386
\l_MT_shortvdotswithinadjustbelow_dim=\dimen387
\l_MT_above_intertext_sep=\dimen388
\l_MT_below_intertext_sep=\dimen389
\l_MT_above_shortintertext_sep=\dimen390
\l_MT_below_shortintertext_sep=\dimen391
\xmathstrut@box=\box127
\xmathstrut@dim=\dimen392
)
(C:\Users\p281989\AppData\Local\Programs\MiKTeX\tex/latex/graphics\rotating.sty
Package: rotating 2016/08/11 v2.16d rotated objects in LaTeX
\c@r@tfl@t=\count393
\rotFPtop=\skip93
\rotFPbot=\skip94
\rot@float@box=\box128
\rot@mess@toks=\toks69
) (C:\Users\p281989\AppData\Local\Programs\MiKTeX\tex/latex/nomencl\nomencl.sty
Package: nomencl 2020/12/29 v5.5 Nomenclature package

(C:\Users\p281989\AppData\Local\Programs\MiKTeX\tex/latex/koma-script\tocbasic.
sty
Package: tocbasic 2021/06/25 v3.34 KOMA-Script package (handling toc-files)

(C:\Users\p281989\AppData\Local\Programs\MiKTeX\tex/latex/koma-script\scrbase.s
ty
Package: scrbase 2021/06/25 v3.34 KOMA-Script package (KOMA-Script-independent 
basics and keyval usage)

(C:\Users\p281989\AppData\Local\Programs\MiKTeX\tex/latex/koma-script\scrlfile.
sty
Package: scrlfile 2021/06/25 v3.34 KOMA-Script package (file load hooks)

(C:\Users\p281989\AppData\Local\Programs\MiKTeX\tex/latex/koma-script\scrlfile-
hook.sty
Package: scrlfile-hook 2021/06/25 v3.34 KOMA-Script package (using LaTeX hooks)


(C:\Users\p281989\AppData\Local\Programs\MiKTeX\tex/latex/koma-script\scrlogo.s
ty
Package: scrlogo 2021/06/25 v3.34 KOMA-Script package (logo)
)))
Applying: [2021/05/01] Usage of raw or classic option list on input line 252.
Already applied: [0000/00/00] Usage of raw or classic option list on input line
 368.
)
\scr@dte@tocline@numberwidth=\skip95
\scr@dte@tocline@numbox=\box129
)
Package tocbasic Info: setting babel extension for `nlo' on input line 187.
Package tocbasic Info: setting babel extension for `nls' on input line 188.
\nomlabelwidth=\dimen393
\nom@tempdim=\dimen394
\nomitemsep=\skip96
)
(C:\Users\p281989\AppData\Local\Programs\MiKTeX\tex/latex/tools\hhline.sty
Package: hhline 2020/01/04 v2.04 Table rule package (DPC)
)
(C:\Users\p281989\AppData\Local\Programs\MiKTeX\tex/latex/marginnote\marginnote
.sty
Package: marginnote 2018/08/09 v1.4b non floating margin notes for LaTeX
\c@mn@abspage=\count394
) (C:\Users\p281989\AppData\Local\Programs\MiKTeX\tex/latex/was\upgreek.sty
Package: upgreek 2003/02/12 v2.0 (WaS)
Package upgreek Info: Using Euler Roman for upright Greek on input line 31.
\symugrf@m=\mathgroup12
LaTeX Font Info:    Overwriting symbol font `ugrf@m' in version `bold'
(Font)                  U/eur/m/n --> U/eur/b/n on input line 38.
)
(C:\Users\p281989\AppData\Local\Programs\MiKTeX\tex/latex/stackengine\stackengi
ne.sty
Package: stackengine 2021/07/15 v4.1\ Stacking text and objects in convenient w
ays

(C:\Users\p281989\AppData\Local\Programs\MiKTeX\tex/latex/etoolbox\etoolbox.sty
Package: etoolbox 2020/10/05 v2.5k e-TeX tools for LaTeX (JAW)
\etb@tempcnta=\count395
)
(C:\Users\p281989\AppData\Local\Programs\MiKTeX\tex/latex/listofitems\listofite
ms.sty
(C:\Users\p281989\AppData\Local\Programs\MiKTeX\tex/generic/listofitems\listofi
tems.tex
\loi_cnt_foreach_nest=\count396
\loi_nestcnt=\count397
)
Package: listofitems 2019/08/21 v1.63 Grab items in lists using user-specified 
sep char (CT)
)
\c@@stackindex=\count398
\@boxshift=\skip97
\stack@tmplength=\skip98
\temp@stkl=\skip99
\@stackedboxwidth=\skip100
\@addedbox=\box130
\@anchorbox=\box131
\@insetbox=\box132
\@backgroundbox=\box133
\stackedbox=\box134
\@centerbox=\box135
\c@ROWcellindex@=\count399
)
(C:\Users\p281989\AppData\Local\Programs\MiKTeX\tex/latex/ytableau\ytableau.sty
Package: ytableau 2021/06/12 v1.4 Many-featured Young tableaux and Young diagra
ms
\tableaux@YT=\box136
\thistableau@YT=\box137
\refhtdp@YT=\box138
\toks@YT=\toks70
\opttoksa@YT=\toks71
\opttoksb@YT=\toks72
\boxdim@YT=\dimen395
\tableauwd@YT=\dimen396
\count@YT=\count400
(C:\Users\p281989\AppData\Local\Programs\MiKTeX\tex/latex/pgfopts\pgfopts.sty
Package: pgfopts 2014/07/10 v2.1a LaTeX package options with pgfkeys
\pgfopts@list@add@a@toks=\toks73
\pgfopts@list@add@b@toks=\toks74
))
(C:\Users\p281989\AppData\Local\Programs\MiKTeX\tex/latex/listings\listings.sty
\lst@mode=\count401
\lst@gtempboxa=\box139
\lst@token=\toks75
\lst@length=\count402
\lst@currlwidth=\dimen397
\lst@column=\count403
\lst@pos=\count404
\lst@lostspace=\dimen398
\lst@width=\dimen399
\lst@newlines=\count405
\lst@lineno=\count406
\lst@maxwidth=\dimen400
(C:\Users\p281989\AppData\Local\Programs\MiKTeX\tex/latex/listings\lstmisc.sty
File: lstmisc.sty 2020/03/24 1.8d (Carsten Heinz)
\c@lstnumber=\count407
\lst@skipnumbers=\count408
\lst@framebox=\box140
)
(C:\Users\p281989\AppData\Local\Programs\MiKTeX\tex/latex/listings\listings.cfg
File: listings.cfg 2020/03/24 1.8d listings configuration
))
Package: listings 2020/03/24 1.8d (Carsten Heinz)

(C:\Users\p281989\AppData\Local\Programs\MiKTeX\tex/latex/fundus-calligra\calli
gra.sty
Package: calligra 2012/04/10 v1.9 LaTeX package calligra
)
(C:\Users\p281989\AppData\Local\Programs\MiKTeX\tex/latex/tools\afterpage.sty
Package: afterpage 2014/10/28 v1.08 After-Page Package (DPC)
\AP@output=\toks76
\AP@partial=\box141
\AP@footins=\box142
)
(C:\Users\p281989\AppData\Local\Programs\MiKTeX\tex/latex/cite\cite.sty
LaTeX Info: Redefining \cite on input line 302.
LaTeX Info: Redefining \nocite on input line 332.
Package: cite 2015/02/27  v 5.5
)
(C:\Users\p281989\AppData\Local\Programs\MiKTeX\tex/latex/cleveref\cleveref.sty
Package: cleveref 2018/03/27 v0.21.4 Intelligent cross-referencing
Package cleveref Info: `hyperref' support loaded on input line 2370.
LaTeX Info: Redefining \cref on input line 2370.
LaTeX Info: Redefining \Cref on input line 2370.
LaTeX Info: Redefining \crefrange on input line 2370.
LaTeX Info: Redefining \Crefrange on input line 2370.
LaTeX Info: Redefining \cpageref on input line 2370.
LaTeX Info: Redefining \Cpageref on input line 2370.
LaTeX Info: Redefining \cpagerefrange on input line 2370.
LaTeX Info: Redefining \Cpagerefrange on input line 2370.
LaTeX Info: Redefining \labelcref on input line 2370.
LaTeX Info: Redefining \labelcpageref on input line 2370.
Package cleveref Info: `amsthm' support loaded on input line 3026.
Package cleveref Info: `listings' support loaded on input line 3131.
Package cleveref Info: `subfig' support loaded on input line 3164.
)
(C:\Users\p281989\AppData\Local\Programs\MiKTeX\tex/latex/makecell\makecell.sty
Package: makecell 2009/08/03 V0.1e Managing of Tab Column Heads and Cells
\rotheadsize=\dimen401
\c@nlinenum=\count409
\TeXr@lab=\toks77
) (C:\Users\p281989\AppData\Local\Programs\MiKTeX\tex/latex/accents\accents.sty
Package: accents 2006/05/12 v1.4 Math Accent Tools
\cc@skew=\dimen402
\cc@wd=\dimen403
\cc@code=\count410
\cc@group=\count411
\cc@skewchar=\count412
) (C:\Users\p281989\AppData\Local\Programs\MiKTeX\tex/latex/breqn\breqn.sty
(C:\Users\p281989\AppData\Local\Programs\MiKTeX\tex/latex/l3kernel\expl3.sty
Package: expl3 2021-06-01 L3 programming layer (loader) 

(C:\Users\p281989\AppData\Local\Programs\MiKTeX\tex/latex/l3backend\l3backend-p
dftex.def
File: l3backend-pdftex.def 2021-05-07 L3 backend support: PDF output (pdfTeX)
\l__color_backend_stack_int=\count413
\l__pdf_internal_box=\box143
))
Package: breqn 2020/09/24 v0.98k Breaking equations

(C:\Users\p281989\AppData\Local\Programs\MiKTeX\tex/latex/breqn\flexisym.sty
Package: flexisym 2020/09/24 v0.98k Make math characters macros
LaTeX Info: Redefining \textprime on input line 299.
LaTeX Info: Redefining \not on input line 357.

(C:\Users\p281989\AppData\Local\Programs\MiKTeX\tex/latex/breqn\cmbase.sym
File: cmbase.sym 2007/12/19 v0.92
LaTeX Info: Redefining \hbar on input line 324.
LaTeX Info: Redefining \surd on input line 326.
LaTeX Info: Redefining \angle on input line 334.
LaTeX Info: Redefining \neq on input line 335.
LaTeX Info: Redefining \mapsto on input line 336.
LaTeX Info: Redefining \cong on input line 337.
LaTeX Info: Redefining \notin on input line 340.
LaTeX Info: Redefining \rightleftharpoons on input line 341.
LaTeX Info: Redefining \doteq on input line 342.
LaTeX Info: Redefining \hookrightarrow on input line 343.
LaTeX Info: Redefining \hookleftarrow on input line 344.
LaTeX Info: Redefining \bowtie on input line 345.
LaTeX Info: Redefining \models on input line 346.
LaTeX Info: Redefining \Longrightarrow on input line 347.
LaTeX Info: Redefining \longrightarrow on input line 348.
LaTeX Info: Redefining \Longleftarrow on input line 349.
LaTeX Info: Redefining \longleftarrow on input line 350.
LaTeX Info: Redefining \longmapsto on input line 351.
LaTeX Info: Redefining \longleftrightarrow on input line 352.
LaTeX Info: Redefining \Longleftrightarrow on input line 353.
LaTeX Info: Redefining \cdots on input line 357.
LaTeX Info: Redefining \vdots on input line 360.
LaTeX Info: Redefining \ddots on input line 365.
)
(C:\Users\p281989\AppData\Local\Programs\MiKTeX\tex/latex/breqn\mathstyle.sty
Package: mathstyle 2020/09/24 v0.98k Tracking mathstyle implicitly
LaTeX Info: Redefining \displaystyle on input line 95.
LaTeX Info: Redefining \textstyle on input line 97.
LaTeX Info: Redefining \scriptstyle on input line 99.
LaTeX Info: Redefining \scriptscriptstyle on input line 101.
LaTeX Info: Redefining \genfrac on input line 149.
))
\inf@bad=\count414
\maxint=\count415
\listwidth=\dimen404
\eqnumsep=\dimen405
\eqmargin=\dimen406
\eqlinespacing=\skip101
\eqlineskip=\skip102
\eqlineskiplimit=\dimen407
\eqbinoffset=\muskip18
\eqdelimoffset=\muskip19
\eqindentstep=\dimen408
\eqstyle=\toks78
\eqbreakdepth=\count416
\eqinterlinepenalty=\count417
\intereqpenalty=\count418
\intereqskip=\skip103
\prerelpenalty=\count419
\prebinoppenalty=\count420
\Dmedmuskip=\muskip20
\Dthickmuskip=\muskip21
\eqleftskip=\skip104
\eqrightskip=\skip105
\eq@vspan=\skip106
\eq@binoffset=\muskip22
\EQ@box=\box144
\EQ@copy=\box145
\EQ@numbox=\box146
\eq@wdNum=\dimen409
\GRP@numbox=\box147
\grp@wdNum=\dimen410
\eq@lines=\count421
\eq@curline=\count422
\eq@badness=\count423
\EQ@vims=\count424
\eq@dp=\dimen411
\eq@wdL=\dimen412
\eq@wdT=\dimen413
\eq@wdMin=\dimen414
\grp@wdL=\dimen415
\grp@wdR=\dimen416
\grp@wdT=\dimen417
\eq@wdRmax=\dimen418
\eq@firstht=\dimen419
\eq@wdCond=\dimen420
\eq@indentstep=\dimen421
\eq@linewidth=\dimen422
\grp@linewidth=\dimen423
\eq@hshift=\dimen424
\eq@given@sidespace=\dimen425
\mathindent=\dimen426
\eq@final@linecount=\count425
\eq@wdR=\dimen427
\EQ@continue=\toks79
\lr@level=\count426
\GRP@queue=\toks80
\GRP@box=\box148
\GRP@wholebox=\box149
\darraycolsep=\skip107
\cur@row=\count427
\cur@col=\count428
\conditionsep=\skip108
) (C:\Users\p281989\AppData\Local\Programs\MiKTeX\tex/latex/environ\environ.sty
Package: environ 2014/05/04 v0.3 A new way to define environments

(C:\Users\p281989\AppData\Local\Programs\MiKTeX\tex/latex/trimspaces\trimspaces
.sty
Package: trimspaces 2009/09/17 v1.1 Trim spaces around a token list
))
(C:\Users\p281989\AppData\Local\Programs\MiKTeX\tex/latex/tikz-cd\tikz-cd.sty
Package: tikz-cd 2021/05/04 v1.0 Commutative diagrams with TikZ

(C:\Users\p281989\AppData\Local\Programs\MiKTeX\tex/latex/tikz-cd\tikzlibrarycd
.code.tex
(C:\Users\p281989\AppData\Local\Programs\MiKTeX\tex/generic/pgf/frontendlayer/t
ikz/libraries\tikzlibrarymatrix.code.tex
File: tikzlibrarymatrix.code.tex 2021/05/15 v3.1.9a (3.1.9a)
)
(C:\Users\p281989\AppData\Local\Programs\MiKTeX\tex/generic/pgf/frontendlayer/t
ikz/libraries\tikzlibraryquotes.code.tex
File: tikzlibraryquotes.code.tex 2021/05/15 v3.1.9a (3.1.9a)
)
(C:\Users\p281989\AppData\Local\Programs\MiKTeX\tex/generic/pgf/libraries\pgfli
braryarrows.meta.code.tex
File: pgflibraryarrows.meta.code.tex 2021/05/15 v3.1.9a (3.1.9a)
\pgfarrowinset=\dimen428
\pgfarrowlength=\dimen429
\pgfarrowwidth=\dimen430
\pgfarrowlinewidth=\dimen431
)))
(C:\Users\p281989\AppData\Local\Programs\MiKTeX\tex/latex/showlabels\showlabels
.sty
Package: showlabels 2015/12/08 v1.7

Package: `showlabels' v1.7 <2015/12/08>
with amsmath equation tags
\SL@labelposition=\count429
)
Package hyperref Info: Option `unicode' set `false' on input line 194.
Package hyperref Info: Option `pdftoolbar' set `true' on input line 194.
Package hyperref Info: Option `pdfmenubar' set `true' on input line 194.
Package hyperref Info: Option `pdffitwindow' set `false' on input line 194.
Package hyperref Info: Option `pdfnewwindow' set `true' on input line 194.
Package hyperref Info: Option `colorlinks' set `false' on input line 194.

(C:\Users\p281989\AppData\Local\Programs\MiKTeX\tex/generic/alphalph\alphalph.s
ty
Package: alphalph 2019/12/09 v2.6 Convert numbers to letters (HO)
)
(C:\Users\p281989\AppData\Local\Programs\MiKTeX\tex/latex/datetime\datetime.sty
Package: datetime 2015/03/20 v2.60 Date Time Package

(C:\Users\p281989\AppData\Local\Programs\MiKTeX\tex/latex/fmtcount\fmtcount.sty
Package: fmtcount 2020/01/30 v3.07

(C:\Users\p281989\AppData\Local\Programs\MiKTeX\tex/latex/fmtcount\fcprefix.sty
Package: fcprefix 2012/09/28

(C:\Users\p281989\AppData\Local\Programs\MiKTeX\tex/latex/fmtcount\fcnumparser.
sty
Package: fcnumparser 2017/06/15
\fc@digit@counter=\count430
))
\c@padzeroesN=\count431
\fc@tmpcatcode=\count432

(C:\Users\p281989\AppData\Local\Programs\MiKTeX\tex/latex/fmtcount\fc-english.d
ef
File: fc-english.def 2016/01/12
)
\@DT@modctr=\count433
\@ordinalctr=\count434
\@orgargctr=\count435
\@strctr=\count436
\@tmpstrctr=\count437
\@DT@loopN=\count438
\@DT@X=\count439
)
(C:\Users\p281989\AppData\Local\Programs\MiKTeX\tex/latex/datetime\datetime-def
aults.sty
Package: datetime-defaults 2013/09/10
)
\@day=\count440
\@month=\count441
\@year=\count442
\c@HOUR=\count443
\c@HOURXII=\count444
\c@MINUTE=\count445
\c@TOHOUR=\count446
\c@TOMINUTE=\count447
\c@SECOND=\count448
\currenthour=\count449
\currentminute=\count450
\currentsecond=\count451
Package datetime Info: No datetime.cfg file found, using default settings on in
put line 308.
\@dtctr=\count452
\dayofyear=\count453
\dayofweek=\count454
LaTeX Info: Redefining \today on input line 736.
\dt@a=\toks81
\dt@b=\toks82
)

LaTeX Warning: Unused global option(s):
    [openany].

(heterotic.aux

LaTeX Warning: Label `eq:simsekvanproeyen2' multiply defined.


LaTeX Warning: Label `eq:simsekvanproeyen2@cref' multiply defined.


LaTeX Warning: Label `eq:Poisson' multiply defined.


LaTeX Warning: Label `eq:Poisson@cref' multiply defined.

)
\openout1 = `heterotic.aux'.

LaTeX Font Info:    Checking defaults for OML/cmm/m/it on input line 333.
LaTeX Font Info:    ... okay on input line 333.
LaTeX Font Info:    Checking defaults for OMS/cmsy/m/n on input line 333.
LaTeX Font Info:    ... okay on input line 333.
LaTeX Font Info:    Checking defaults for OT1/cmr/m/n on input line 333.
LaTeX Font Info:    ... okay on input line 333.
LaTeX Font Info:    Checking defaults for T1/cmr/m/n on input line 333.
LaTeX Font Info:    ... okay on input line 333.
LaTeX Font Info:    Checking defaults for TS1/cmr/m/n on input line 333.
LaTeX Font Info:    ... okay on input line 333.
LaTeX Font Info:    Checking defaults for OMX/cmex/m/n on input line 333.
LaTeX Font Info:    ... okay on input line 333.
LaTeX Font Info:    Checking defaults for U/cmr/m/n on input line 333.
LaTeX Font Info:    ... okay on input line 333.
LaTeX Font Info:    Checking defaults for PD1/pdf/m/n on input line 333.
LaTeX Font Info:    ... okay on input line 333.
LaTeX Font Info:    Checking defaults for PU/pdf/m/n on input line 333.
LaTeX Font Info:    ... okay on input line 333.
LaTeX Font Info:    Checking defaults for LY/yfrak/m/n on input line 333.
LaTeX Font Info:    ... okay on input line 333.
LaTeX Font Info:    Checking defaults for LYG/ygoth/m/n on input line 333.
LaTeX Font Info:    ... okay on input line 333.
Package hyperref Info: Link coloring OFF on input line 333.

(C:\Users\p281989\AppData\Local\Programs\MiKTeX\tex/latex/hyperref\nameref.sty
Package: nameref 2021-04-02 v2.47 Cross-referencing by name of section

(C:\Users\p281989\AppData\Local\Programs\MiKTeX\tex/latex/refcount\refcount.sty
Package: refcount 2019/12/15 v3.6 Data extraction from label references (HO)
)
(C:\Users\p281989\AppData\Local\Programs\MiKTeX\tex/generic/gettitlestring\gett
itlestring.sty
Package: gettitlestring 2019/12/15 v1.6 Cleanup title references (HO)
)
\c@section@level=\count455
)
LaTeX Info: Redefining \ref on input line 333.
LaTeX Info: Redefining \pageref on input line 333.
LaTeX Info: Redefining \nameref on input line 333.

(C:\Users\p281989\AppData\Local\Programs\MiKTeX\tex/context/base/mkii\supp-pdf.
mkii
[Loading MPS to PDF converter (version 2006.09.02).]
\scratchcounter=\count456
\scratchdimen=\dimen432
\scratchbox=\box150
\nofMPsegments=\count457
\nofMParguments=\count458
\everyMPshowfont=\toks83
\MPscratchCnt=\count459
\MPscratchDim=\dimen433
\MPnumerator=\count460
\makeMPintoPDFobject=\count461
\everyMPtoPDFconversion=\toks84
)
(C:\Users\p281989\AppData\Local\Programs\MiKTeX\tex/latex/epstopdf-pkg\epstopdf
-base.sty
Package: epstopdf-base 2020-01-24 v2.11 Base part for package epstopdf
Package epstopdf-base Info: Redefining graphics rule for `.eps' on input line 4
85.

(C:\Users\p281989\AppData\Local\Programs\MiKTeX\tex/latex/00miktex\epstopdf-sys
.cfg
File: epstopdf-sys.cfg 2021/03/18 v2.0 Configuration of epstopdf for MiKTeX
))
Package caption Info: Begin \AtBeginDocument code.
Package caption Info: subfig package v1.3 is loaded.
Package caption Info: listings package is loaded.
Package caption Info: rotating package is loaded.
Package caption Info: wrapfig package is loaded.
Package caption Info: End \AtBeginDocument code.
\c@lstlisting=\count462
LaTeX Font Info:    Trying to load font information for U+msa on input line 339
.

(C:\Users\p281989\AppData\Local\Programs\MiKTeX\tex/latex/amsfonts\umsa.fd
File: umsa.fd 2013/01/14 v3.01 AMS symbols A
)
LaTeX Font Info:    Trying to load font information for U+msb on input line 339
.

(C:\Users\p281989\AppData\Local\Programs\MiKTeX\tex/latex/amsfonts\umsb.fd
File: umsb.fd 2013/01/14 v3.01 AMS symbols B
)
LaTeX Font Info:    Trying to load font information for U+rsfs on input line 33
9.

(C:\Users\p281989\AppData\Local\Programs\MiKTeX\tex/latex/jknappen\ursfs.fd
File: ursfs.fd 1998/03/24 rsfs font definition file (jk)
)
LaTeX Font Info:    Trying to load font information for U+cmllr on input line 3
39.

(C:\Users\p281989\AppData\Local\Programs\MiKTeX\tex/latex/cmll\ucmllr.fd)

LaTeX Warning: No \author given.

[1
Non-PDF special ignored!
<special> header=pstricks.pro
Non-PDF special ignored!
<special> header=pst-algparser.pro
Non-PDF special ignored!
<special> header=pst-tools.pro
Non-PDF special ignored!
<special> header=pst-dots.pro
Non-PDF special ignored!
<special> header=pst-3d.pro
Non-PDF special ignored!
<special> header=pst-node.pro
Non-PDF special ignored!
<special> header=pst-math.pro
Non-PDF special ignored!
<special> header=pstricks-add.pro
Non-PDF special ignored!
<special> header=pst-3dplot.pro
Non-PDF special ignored!
<special> header=pst-grad.pro

Non-PDF special ignored!
<special> ps: /pssetRGBcolor /setrgbcolor load def /pssetCMYKcolor /setcmyk...
Non-PDF special ignored!
<special> ps:tx@Dict begin  gsave STV CP T /ps@rot 0 def grestore  end
Non-PDF special ignored!
<special> ps:tx@Dict begin  gsave STV CP T /ps@refangle 0.  def grestore  e...
Non-PDF special ignored!
<special> ps:tx@Dict begin  gsave STV CP T /ps@rot 0 def grestore  end
{C:/Users/p281989/AppData/Local/MiKTeX/pdftex/config/pdftex.map}]
(heterotic.toc)
\tf@toc=\write8
\openout8 = `heterotic.toc'.

LaTeX Font Info:    Trying to load font information for OMS+cmtt on input line 
416.
LaTeX Font Info:    No file OMScmtt.fd. on input line 416.


LaTeX Font Warning: Font shape `OMS/cmtt/m/n' undefined
(Font)              using `OMS/cmsy/m/n' instead
(Font)              for symbol `textbraceleft' on input line 416.

[2] [3] [4]

Package hyperref Warning: Token not allowed in a PDF string (PDFDocEncoding):
(hyperref)                removing `math shift' on input line 469.


Package hyperref Warning: Token not allowed in a PDF string (PDFDocEncoding):
(hyperref)                removing `math shift' on input line 469.


Package hyperref Warning: Token not allowed in a PDF string (PDFDocEncoding):
(hyperref)                removing `math shift' on input line 469.


Package hyperref Warning: Token not allowed in a PDF string (PDFDocEncoding):
(hyperref)                removing `math shift' on input line 469.

[5]pdfTeX warning (ext4): destination with the same identifier (name{equation.2
.1}) has been already used, duplicate ignored
<to be read again> 
                   \relax 
l.553 		\end{align}
                   pdfTeX warning (ext4): destination with the same identifier 
(name{equation.2.1}) has been already used, duplicate ignored
<to be read again> 
                   \relax 
l.562 		\end{align}
                    [6]pdfTeX warning (ext4): destination with the same identif
ier (name{equation.2.1}) has been already used, duplicate ignored
<to be read again> 
                   \relax 
l.573 		\end{align}
                   pdfTeX warning (ext4): destination with the same identifier 
(name{equation.2.2}) has been already used, duplicate ignored
<to be read again> 
                   \relax 
l.573 		\end{align}
                   pdfTeX warning (ext4): destination with the same identifier 
(name{equation.2.3}) has been already used, duplicate ignored
<to be read again> 
                   \relax 
l.573 		\end{align}
                   pdfTeX warning (ext4): destination with the same identifier 
(name{equation.2.1}) has been already used, duplicate ignored
<to be read again> 
                   \relax 
l.580 		\end{align}
                   pdfTeX warning (ext4): destination with the same identifier 
(name{equation.2.2}) has been already used, duplicate ignored
<to be read again> 
                   \relax 
l.580 		\end{align}
                   pdfTeX warning (ext4): destination with the same identifier 
(name{equation.2.1}) has been already used, duplicate ignored
<to be read again> 
                   \relax 
l.589 		\end{align}
                   pdfTeX warning (ext4): destination with the same identifier 
(name{equation.2.2}) has been already used, duplicate ignored
<to be read again> 
                   \relax 
l.589 		\end{align}
                   pdfTeX warning (ext4): destination with the same identifier 
(name{equation.2.3}) has been already used, duplicate ignored
<to be read again> 
                   \relax 
l.589 		\end{align}
                   pdfTeX warning (ext4): destination with the same identifier 
(name{equation.2.1}) has been already used, duplicate ignored
<to be read again> 
                   \relax 
l.604 		\end{align}
                   pdfTeX warning (ext4): destination with the same identifier 
(name{equation.2.2}) has been already used, duplicate ignored
<to be read again> 
                   \relax 
l.604 		\end{align}
                   pdfTeX warning (ext4): destination with the same identifier 
(name{equation.2.3}) has been already used, duplicate ignored
<to be read again> 
                   \relax 
l.604 		\end{align}
                   pdfTeX warning (ext4): destination with the same identifier 
(name{equation.2.1}) has been already used, duplicate ignored
<to be read again> 
                   \relax 
l.611 		\end{align}
                   pdfTeX warning (ext4): destination with the same identifier 
(name{equation.2.2}) has been already used, duplicate ignored
<to be read again> 
                   \relax 
l.611 		\end{align}
                    [7pdfTeX warning (ext4): destination with the same identifi
er (name{equation.2.2}) has been already used, duplicate ignored
<argument> ...shipout:D \box_use:N \l_shipout_box 
                                                  \__shipout_drop_firstpage_...
l.611 		\end{align}
                   pdfTeX warning (ext4): destination with the same identifier 
(name{equation.2.2}) has been already used, duplicate ignored
<argument> ...shipout:D \box_use:N \l_shipout_box 
                                                  \__shipout_drop_firstpage_...
l.611 		\end{align}
                   pdfTeX warning (ext4): destination with the same identifier 
(name{equation.2.3}) has been already used, duplicate ignored
<argument> ...shipout:D \box_use:N \l_shipout_box 
                                                  \__shipout_drop_firstpage_...
l.611 		\end{align}
                   pdfTeX warning (ext4): destination with the same identifier 
(name{equation.2.4}) has been already used, duplicate ignored
<argument> ...shipout:D \box_use:N \l_shipout_box 
                                                  \__shipout_drop_firstpage_...
l.611 		\end{align}
                   pdfTeX warning (ext4): destination with the same identifier 
(name{equation.2.4}) has been already used, duplicate ignored
<argument> ...shipout:D \box_use:N \l_shipout_box 
                                                  \__shipout_drop_firstpage_...
l.611 		\end{align}
                   ]pdfTeX warning (ext4): destination with the same identifier
 (name{equation.2.1}) has been already used, duplicate ignored
<to be read again> 
                   \relax 
l.625 		\end{align}
                   pdfTeX warning (ext4): destination with the same identifier 
(name{equation.2.2}) has been already used, duplicate ignored
<to be read again> 
                   \relax 
l.625 		\end{align}
                   pdfTeX warning (ext4): destination with the same identifier 
(name{equation.2.3}) has been already used, duplicate ignored
<to be read again> 
                   \relax 
l.625 		\end{align}
                   pdfTeX warning (ext4): destination with the same identifier 
(name{equation.2.4}) has been already used, duplicate ignored
<to be read again> 
                   \relax 
l.625 		\end{align}
                   pdfTeX warning (ext4): destination with the same identifier 
(name{equation.2.8}) has been already used, duplicate ignored
<to be read again> 
                   \relax 
l.625 		\end{align}
                    [8pdfTeX warning (ext4): destination with the same identifi
er (name{equation.2.4}) has been already used, duplicate ignored
<argument> ...shipout:D \box_use:N \l_shipout_box 
                                                  \__shipout_drop_firstpage_...
l.644 	\end{align}
                  ] [9] [10] [11] [12] [13] [14]pdfTeX warning (ext4): destinat
ion with the same identifier (name{equation.4.1}) has been already used, duplic
ate ignored
<to be read again> 
                   \relax 
l.833 		\end{align}
                   pdfTeX warning (ext4): destination with the same identifier 
(name{equation.4.2}) has been already used, duplicate ignored
<to be read again> 
                   \relax 
l.833 		\end{align}
                   pdfTeX warning (ext4): destination with the same identifier 
(name{equation.4.3}) has been already used, duplicate ignored
<to be read again> 
                   \relax 
l.833 		\end{align}
                    [15]pdfTeX warning (ext4): destination with the same identi
fier (name{equation.4.1}) has been already used, duplicate ignored
<to be read again> 
                   \relax 
l.876 		\end{align}
                   pdfTeX warning (ext4): destination with the same identifier 
(name{equation.4.2}) has been already used, duplicate ignored
<to be read again> 
                   \relax 
l.876 		\end{align}
                    [16] [17] [18] [19] [20]pdfTeX warning (ext4): destination 
with the same identifier (name{equation.4.1}) has been already used, duplicate 
ignored
<to be read again> 
                   \relax 
l.1009 		\end{align}
                    pdfTeX warning (ext4): destination with the same identifier
 (name{equation.4.2}) has been already used, duplicate ignored
<to be read again> 
                   \relax 
l.1009 		\end{align}
                    pdfTeX warning (ext4): destination with the same identifier
 (name{equation.4.1}) has been already used, duplicate ignored
<to be read again> 
                   \relax 
l.1032 		\end{align}
                    pdfTeX warning (ext4): destination with the same identifier
 (name{equation.4.2}) has been already used, duplicate ignored
<to be read again> 
                   \relax 
l.1032 		\end{align}
                     [21] [22]pdfTeX warning (ext4): destination with the same 
identifier (name{equation.4.1}) has been already used, duplicate ignored
<to be read again> 
                   \relax 
l.1059 		\end{align}
                    pdfTeX warning (ext4): destination with the same identifier
 (name{equation.4.2}) has been already used, duplicate ignored
<to be read again> 
                   \relax 
l.1059 		\end{align}
                    pdfTeX warning (ext4): destination with the same identifier
 (name{equation.4.3}) has been already used, duplicate ignored
<to be read again> 
                   \relax 
l.1059 		\end{align}
                     [23] [24]
LaTeX Font Info:    Trying to load font information for U+dsrom on input line 1
124.

(C:\Users\p281989\AppData\Local\Programs\MiKTeX\tex/latex/doublestroke\udsrom.f
d
File: Udsrom.fd 1995/08/01 v0.1 Double stroke roman font definitions
) [25]
Underfull \hbox (badness 10000) in paragraph at lines 1188--1190

 []

[26] [27pdfTeX warning (ext4): destination with the same identifier (name{equat
ion.B.1}) has been already used, duplicate ignored
<argument> ...shipout:D \box_use:N \l_shipout_box 
                                                  \__shipout_drop_firstpage_...
l.1236 		\end{align}
                    pdfTeX warning (ext4): destination with the same identifier
 (name{equation.B.2}) has been already used, duplicate ignored
<argument> ...shipout:D \box_use:N \l_shipout_box 
                                                  \__shipout_drop_firstpage_...
l.1236 		\end{align}
                    pdfTeX warning (ext4): destination with the same identifier
 (name{equation.B.3}) has been already used, duplicate ignored
<argument> ...shipout:D \box_use:N \l_shipout_box 
                                                  \__shipout_drop_firstpage_...
l.1236 		\end{align}
                    pdfTeX warning (ext4): destination with the same identifier
 (name{equation.B.4}) has been already used, duplicate ignored
<argument> ...shipout:D \box_use:N \l_shipout_box 
                                                  \__shipout_drop_firstpage_...
l.1236 		\end{align}
                    pdfTeX warning (ext4): destination with the same identifier
 (name{equation.B.1}) has been already used, duplicate ignored
<argument> ...shipout:D \box_use:N \l_shipout_box 
                                                  \__shipout_drop_firstpage_...
l.1236 		\end{align}
                    ] [28pdfTeX warning (ext4): destination with the same ident
ifier (name{equation.B.2}) has been already used, duplicate ignored
<argument> ...shipout:D \box_use:N \l_shipout_box 
                                                  \__shipout_drop_firstpage_...
l.1287 	\begin{align}
                     pdfTeX warning (ext4): destination with the same identifie
r (name{equation.B.3}) has been already used, duplicate ignored
<argument> ...shipout:D \box_use:N \l_shipout_box 
                                                  \__shipout_drop_firstpage_...
l.1287 	\begin{align}
                     pdfTeX warning (ext4): destination with the same identifie
r (name{equation.B.4}) has been already used, duplicate ignored
<argument> ...shipout:D \box_use:N \l_shipout_box 
                                                  \__shipout_drop_firstpage_...
l.1287 	\begin{align}
                     pdfTeX warning (ext4): destination with the same identifie
r (name{equation.C.1}) has been already used, duplicate ignored
<argument> ...shipout:D \box_use:N \l_shipout_box 
                                                  \__shipout_drop_firstpage_...
l.1287 	\begin{align}
                     pdfTeX warning (ext4): destination with the same identifie
r (name{equation.C.2}) has been already used, duplicate ignored
<argument> ...shipout:D \box_use:N \l_shipout_box 
                                                  \__shipout_drop_firstpage_...
l.1287 	\begin{align}
                     pdfTeX warning (ext4): destination with the same identifie
r (name{equation.C.3}) has been already used, duplicate ignored
<argument> ...shipout:D \box_use:N \l_shipout_box 
                                                  \__shipout_drop_firstpage_...
l.1287 	\begin{align}
                     pdfTeX warning (ext4): destination with the same identifie
r (name{equation.C.4}) has been already used, duplicate ignored
<argument> ...shipout:D \box_use:N \l_shipout_box 
                                                  \__shipout_drop_firstpage_...
l.1287 	\begin{align}
                     ]pdfTeX warning (ext4): destination with the same identifi
er (name{equation.C.1}) has been already used, duplicate ignored
<to be read again> 
                   \relax 
l.1304 	\end{align}
                   pdfTeX warning (ext4): destination with the same identifier 
(name{equation.C.2}) has been already used, duplicate ignored
<to be read again> 
                   \relax 
l.1304 	\end{align}
                   pdfTeX warning (ext4): destination with the same identifier 
(name{equation.C.3}) has been already used, duplicate ignored
<to be read again> 
                   \relax 
l.1304 	\end{align}
                   

Package hyperref Warning: Token not allowed in a PDF string (PDFDocEncoding):
(hyperref)                removing `math shift' on input line 1308.


Package hyperref Warning: Token not allowed in a PDF string (PDFDocEncoding):
(hyperref)                removing `math shift' on input line 1308.

LaTeX Font Info:    Trying to load font information for U+euf on input line 131
2.
(C:\Users\p281989\AppData\Local\Programs\MiKTeX\tex/latex/amsfonts\ueuf.fd
File: ueuf.fd 2013/01/14 v3.01 Euler Fraktur
)
[29] [30]pdfTeX warning (ext4): destination with the same identifier (name{equa
tion.D.1}) has been already used, duplicate ignored
<to be read again> 
                   \relax 
l.1365 		\end{align}
                    pdfTeX warning (ext4): destination with the same identifier
 (name{equation.D.2}) has been already used, duplicate ignored
<to be read again> 
                   \relax 
l.1365 		\end{align}
                    pdfTeX warning (ext4): destination with the same identifier
 (name{equation.D.3}) has been already used, duplicate ignored
<to be read again> 
                   \relax 
l.1365 		\end{align}
                    pdfTeX warning (ext4): destination with the same identifier
 (name{equation.D.4}) has been already used, duplicate ignored
<to be read again> 
                   \relax 
l.1365 		\end{align}
                    pdfTeX warning (ext4): destination with the same identifier
 (name{equation.D.1}) has been already used, duplicate ignored
<to be read again> 
                   \relax 
l.1377 		\end{align}
                    pdfTeX warning (ext4): destination with the same identifier
 (name{equation.D.2}) has been already used, duplicate ignored
<to be read again> 
                   \relax 
l.1377 		\end{align}
                    pdfTeX warning (ext4): destination with the same identifier
 (name{equation.D.3}) has been already used, duplicate ignored
<to be read again> 
                   \relax 
l.1377 		\end{align}
                    

Package hyperref Warning: Token not allowed in a PDF string (PDFDocEncoding):
(hyperref)                removing `math shift' on input line 1385.


Package hyperref Warning: Token not allowed in a PDF string (PDFDocEncoding):
(hyperref)                removing `\delta' on input line 1385.


Package hyperref Warning: Token not allowed in a PDF string (PDFDocEncoding):
(hyperref)                removing `math shift' on input line 1385.

[31pdfTeX warning (ext4): destination with the same identifier (name{equation.E
.1}) has been already used, duplicate ignored
<argument> ...shipout:D \box_use:N \l_shipout_box 
                                                  \__shipout_drop_firstpage_...
l.1400 		\end{align}
                    ]

Package hyperref Warning: Token not allowed in a PDF string (PDFDocEncoding):
(hyperref)                removing `math shift' on input line 1405.


Package hyperref Warning: Token not allowed in a PDF string (PDFDocEncoding):
(hyperref)                removing `\delta' on input line 1405.


Package hyperref Warning: Token not allowed in a PDF string (PDFDocEncoding):
(hyperref)                removing `math shift' on input line 1405.

pdfTeX warning (ext4): destination with the same identifier (name{equation.E.1}
) has been already used, duplicate ignored
<to be read again> 
                   \relax 
l.1411 		\end{align}
                    pdfTeX warning (ext4): destination with the same identifier
 (name{equation.E.2}) has been already used, duplicate ignored
<to be read again> 
                   \relax 
l.1411 		\end{align}
                    pdfTeX warning (ext4): destination with the same identifier
 (name{equation.E.1}) has been already used, duplicate ignored
<to be read again> 
                   \relax 
l.1420 		\end{align}
                    pdfTeX warning (ext4): destination with the same identifier
 (name{equation.E.2}) has been already used, duplicate ignored
<to be read again> 
                   \relax 
l.1420 		\end{align}
                    

Package hyperref Warning: Token not allowed in a PDF string (PDFDocEncoding):
(hyperref)                removing `math shift' on input line 1426.


Package hyperref Warning: Token not allowed in a PDF string (PDFDocEncoding):
(hyperref)                removing `\delta' on input line 1426.


Package hyperref Warning: Token not allowed in a PDF string (PDFDocEncoding):
(hyperref)                removing `math shift' on input line 1426.

pdfTeX warning (ext4): destination with the same identifier (name{equation.E.1}
) has been already used, duplicate ignored
<to be read again> 
                   \relax 
l.1432 		\end{align}
                    pdfTeX warning (ext4): destination with the same identifier
 (name{equation.E.2}) has been already used, duplicate ignored
<to be read again> 
                   \relax 
l.1432 		\end{align}
                    pdfTeX warning (ext4): destination with the same identifier
 (name{equation.E.1}) has been already used, duplicate ignored
<to be read again> 
                   \relax 
l.1446 		\end{align}
                    pdfTeX warning (ext4): destination with the same identifier
 (name{equation.E.2}) has been already used, duplicate ignored
<to be read again> 
                   \relax 
l.1446 		\end{align}
                    

Package hyperref Warning: Token not allowed in a PDF string (PDFDocEncoding):
(hyperref)                removing `math shift' on input line 1448.


Package hyperref Warning: Token not allowed in a PDF string (PDFDocEncoding):
(hyperref)                removing `\delta' on input line 1448.


Package hyperref Warning: Token not allowed in a PDF string (PDFDocEncoding):
(hyperref)                removing `math shift' on input line 1448.

pdfTeX warning (ext4): destination with the same identifier (name{equation.E.1}
) has been already used, duplicate ignored
<to be read again> 
                   \relax 
l.1454 		\end{align}
                    pdfTeX warning (ext4): destination with the same identifier
 (name{equation.E.2}) has been already used, duplicate ignored
<to be read again> 
                   \relax 
l.1454 		\end{align}
                    pdfTeX warning (ext4): destination with the same identifier
 (name{equation.E.1}) has been already used, duplicate ignored
<to be read again> 
                   \relax 
l.1464 		\end{align}
                    pdfTeX warning (ext4): destination with the same identifier
 (name{equation.E.2}) has been already used, duplicate ignored
<to be read again> 
                   \relax 
l.1464 		\end{align}
                     [32pdfTeX warning (ext4): destination with the same identi
fier (name{equation.E.2}) has been already used, duplicate ignored
<argument> ...shipout:D \box_use:N \l_shipout_box 
                                                  \__shipout_drop_firstpage_...
l.1464 		\end{align}
                    pdfTeX warning (ext4): destination with the same identifier
 (name{equation.E.3}) has been already used, duplicate ignored
<argument> ...shipout:D \box_use:N \l_shipout_box 
                                                  \__shipout_drop_firstpage_...
l.1464 		\end{align}
                    pdfTeX warning (ext4): destination with the same identifier
 (name{equation.E.4}) has been already used, duplicate ignored
<argument> ...shipout:D \box_use:N \l_shipout_box 
                                                  \__shipout_drop_firstpage_...
l.1464 		\end{align}
                    pdfTeX warning (ext4): destination with the same identifier
 (name{equation.E.3}) has been already used, duplicate ignored
<argument> ...shipout:D \box_use:N \l_shipout_box 
                                                  \__shipout_drop_firstpage_...
l.1464 		\end{align}
                    pdfTeX warning (ext4): destination with the same identifier
 (name{equation.E.4}) has been already used, duplicate ignored
<argument> ...shipout:D \box_use:N \l_shipout_box 
                                                  \__shipout_drop_firstpage_...
l.1464 		\end{align}
                    ]

Package hyperref Warning: Token not allowed in a PDF string (PDFDocEncoding):
(hyperref)                removing `math shift' on input line 1468.


Package hyperref Warning: Token not allowed in a PDF string (PDFDocEncoding):
(hyperref)                removing `\delta' on input line 1468.


Package hyperref Warning: Token not allowed in a PDF string (PDFDocEncoding):
(hyperref)                removing `math shift' on input line 1468.


Package hyperref Warning: Token not allowed in a PDF string (PDFDocEncoding):
(hyperref)                removing `math shift' on input line 1468.


Package hyperref Warning: Token not allowed in a PDF string (PDFDocEncoding):
(hyperref)                removing `\delta' on input line 1468.


Package hyperref Warning: Token not allowed in a PDF string (PDFDocEncoding):
(hyperref)                removing `math shift' on input line 1468.

pdfTeX warning (ext4): destination with the same identifier (name{equation.E.1}
) has been already used, duplicate ignored
<to be read again> 
                   \relax 
l.1479 		\end{align}
                    pdfTeX warning (ext4): destination with the same identifier
 (name{equation.E.2}) has been already used, duplicate ignored
<to be read again> 
                   \relax 
l.1479 		\end{align}
                    pdfTeX warning (ext4): destination with the same identifier
 (name{equation.E.3}) has been already used, duplicate ignored
<to be read again> 
                   \relax 
l.1479 		\end{align}
                    pdfTeX warning (ext4): destination with the same identifier
 (name{equation.E.1}) has been already used, duplicate ignored
<to be read again> 
                   \relax 
l.1511 		\end{align}
                    pdfTeX warning (ext4): destination with the same identifier
 (name{equation.E.2}) has been already used, duplicate ignored
<to be read again> 
                   \relax 
l.1511 		\end{align}
                    pdfTeX warning (ext4): destination with the same identifier
 (name{equation.E.3}) has been already used, duplicate ignored
<to be read again> 
                   \relax 
l.1511 		\end{align}
                    pdfTeX warning (ext4): destination with the same identifier
 (name{equation.E.4}) has been already used, duplicate ignored
<to be read again> 
                   \relax 
l.1511 		\end{align}
                    pdfTeX warning (ext4): destination with the same identifier
 (name{equation.E.5}) has been already used, duplicate ignored
<to be read again> 
                   \relax 
l.1511 		\end{align}
                    pdfTeX warning (ext4): destination with the same identifier
 (name{equation.E.6}) has been already used, duplicate ignored
<to be read again> 
                   \relax 
l.1511 		\end{align}
                    pdfTeX warning (ext4): destination with the same identifier
 (name{equation.E.7}) has been already used, duplicate ignored
<to be read again> 
                   \relax 
l.1511 		\end{align}
                    pdfTeX warning (ext4): destination with the same identifier
 (name{equation.E.8}) has been already used, duplicate ignored
<to be read again> 
                   \relax 
l.1511 		\end{align}
                     [33pdfTeX warning (ext4): destination with the same identi
fier (name{equation.E.3}) has been already used, duplicate ignored
<argument> ...shipout:D \box_use:N \l_shipout_box 
                                                  \__shipout_drop_firstpage_...
l.1511 		\end{align}
                    pdfTeX warning (ext4): destination with the same identifier
 (name{equation.E.4}) has been already used, duplicate ignored
<argument> ...shipout:D \box_use:N \l_shipout_box 
                                                  \__shipout_drop_firstpage_...
l.1511 		\end{align}
                    pdfTeX warning (ext4): destination with the same identifier
 (name{equation.E.5}) has been already used, duplicate ignored
<argument> ...shipout:D \box_use:N \l_shipout_box 
                                                  \__shipout_drop_firstpage_...
l.1511 		\end{align}
                    ]pdfTeX warning (ext4): destination with the same identifie
r (name{equation.E.1}) has been already used, duplicate ignored
<to be read again> 
                   \relax 
l.1527 		\end{align}
                    pdfTeX warning (ext4): destination with the same identifier
 (name{equation.E.2}) has been already used, duplicate ignored
<to be read again> 
                   \relax 
l.1527 		\end{align}
                    pdfTeX warning (ext4): destination with the same identifier
 (name{equation.E.3}) has been already used, duplicate ignored
<to be read again> 
                   \relax 
l.1527 		\end{align}
                    pdfTeX warning (ext4): destination with the same identifier
 (name{equation.E.4}) has been already used, duplicate ignored
<to be read again> 
                   \relax 
l.1527 		\end{align}
                    pdfTeX warning (ext4): destination with the same identifier
 (name{equation.E.5}) has been already used, duplicate ignored
<to be read again> 
                   \relax 
l.1527 		\end{align}
                    pdfTeX warning (ext4): destination with the same identifier
 (name{equation.E.1}) has been already used, duplicate ignored
<to be read again> 
                   \relax 
l.1535 		\end{align}
                    pdfTeX warning (ext4): destination with the same identifier
 (name{equation.E.2}) has been already used, duplicate ignored
<to be read again> 
                   \relax 
l.1535 		\end{align}
                    pdfTeX warning (ext4): destination with the same identifier
 (name{equation.E.1}) has been already used, duplicate ignored
<to be read again> 
                   \relax 
l.1543 		\end{align}
                    pdfTeX warning (ext4): destination with the same identifier
 (name{equation.E.2}) has been already used, duplicate ignored
<to be read again> 
                   \relax 
l.1543 		\end{align}
                    pdfTeX warning (ext4): destination with the same identifier
 (name{equation.E.1}) has been already used, duplicate ignored
<to be read again> 
                   \relax 
l.1552 		\end{align}
                    pdfTeX warning (ext4): destination with the same identifier
 (name{equation.E.2}) has been already used, duplicate ignored
<to be read again> 
                   \relax 
l.1552 		\end{align}
                    pdfTeX warning (ext4): destination with the same identifier
 (name{equation.E.3}) has been already used, duplicate ignored
<to be read again> 
                   \relax 
l.1552 		\end{align}
                     (heterotic.bbl [34] [35] [36]) [37] (heterotic.aux)

LaTeX Font Warning: Some font shapes were not available, defaults substituted.


LaTeX Warning: There were multiply-defined labels.

 ) 
Here is how much of TeX's memory you used:
 38548 strings out of 478864
 692996 string characters out of 2847712
 1188541 words of memory out of 3000000
 55269 multiletter control sequences out of 15000+600000
 433546 words of font info for 158 fonts, out of 8000000 for 9000
 1142 hyphenation exceptions out of 8191
 110i,18n,117p,2202b,503s stack positions out of 5000i,500n,10000p,200000b,80000s
<C:/Users/p281989/AppData/Local/Programs/MiKTeX/fonts/type1/public/amsfonts/c
m/cmbx10.pfb><C:/Users/p281989/AppData/Local/Programs/MiKTeX/fonts/type1/public
/amsfonts/cm/cmbx12.pfb><C:/Users/p281989/AppData/Local/Programs/MiKTeX/fonts/t
ype1/public/amsfonts/cm/cmbx8.pfb><C:/Users/p281989/AppData/Local/Programs/MiKT
eX/fonts/type1/public/amsfonts/cm/cmex10.pfb><C:/Users/p281989/AppData/Local/Pr
ograms/MiKTeX/fonts/type1/public/amsfonts/cm/cmmi10.pfb><C:/Users/p281989/AppDa
ta/Local/Programs/MiKTeX/fonts/type1/public/amsfonts/cm/cmmi12.pfb><C:/Users/p2
81989/AppData/Local/Programs/MiKTeX/fonts/type1/public/amsfonts/cm/cmmi5.pfb><C
:/Users/p281989/AppData/Local/Programs/MiKTeX/fonts/type1/public/amsfonts/cm/cm
mi6.pfb><C:/Users/p281989/AppData/Local/Programs/MiKTeX/fonts/type1/public/amsf
onts/cm/cmmi7.pfb><C:/Users/p281989/AppData/Local/Programs/MiKTeX/fonts/type1/p
ublic/amsfonts/cm/cmmi8.pfb><C:/Users/p281989/AppData/Local/Programs/MiKTeX/fon
ts/type1/public/amsfonts/cm/cmmib10.pfb><C:/Users/p281989/AppData/Local/Program
s/MiKTeX/fonts/type1/public/amsfonts/cm/cmr10.pfb><C:/Users/p281989/AppData/Loc
al/Programs/MiKTeX/fonts/type1/public/amsfonts/cm/cmr12.pfb><C:/Users/p281989/A
ppData/Local/Programs/MiKTeX/fonts/type1/public/amsfonts/cm/cmr5.pfb><C:/Users/
p281989/AppData/Local/Programs/MiKTeX/fonts/type1/public/amsfonts/cm/cmr6.pfb><
C:/Users/p281989/AppData/Local/Programs/MiKTeX/fonts/type1/public/amsfonts/cm/c
mr7.pfb><C:/Users/p281989/AppData/Local/Programs/MiKTeX/fonts/type1/public/amsf
onts/cm/cmr8.pfb><C:/Users/p281989/AppData/Local/Programs/MiKTeX/fonts/type1/pu
blic/amsfonts/cm/cmr9.pfb><C:/Users/p281989/AppData/Local/Programs/MiKTeX/fonts
/type1/public/amsfonts/cm/cmsl10.pfb><C:/Users/p281989/AppData/Local/Programs/M
iKTeX/fonts/type1/public/amsfonts/cm/cmsl12.pfb><C:/Users/p281989/AppData/Local
/Programs/MiKTeX/fonts/type1/public/amsfonts/cm/cmsl8.pfb><C:/Users/p281989/App
Data/Local/Programs/MiKTeX/fonts/type1/public/amsfonts/cm/cmss10.pfb><C:/Users/
p281989/AppData/Local/Programs/MiKTeX/fonts/type1/public/amsfonts/cm/cmsy10.pfb
><C:/Users/p281989/AppData/Local/Programs/MiKTeX/fonts/type1/public/amsfonts/cm
/cmsy5.pfb><C:/Users/p281989/AppData/Local/Programs/MiKTeX/fonts/type1/public/a
msfonts/cm/cmsy6.pfb><C:/Users/p281989/AppData/Local/Programs/MiKTeX/fonts/type
1/public/amsfonts/cm/cmsy7.pfb><C:/Users/p281989/AppData/Local/Programs/MiKTeX/
fonts/type1/public/amsfonts/cm/cmsy8.pfb><C:/Users/p281989/AppData/Local/Progra
ms/MiKTeX/fonts/type1/public/amsfonts/cm/cmsy9.pfb><C:/Users/p281989/AppData/Lo
cal/Programs/MiKTeX/fonts/type1/public/amsfonts/cm/cmti10.pfb><C:/Users/p281989
/AppData/Local/Programs/MiKTeX/fonts/type1/public/amsfonts/cm/cmti8.pfb><C:/Use
rs/p281989/AppData/Local/Programs/MiKTeX/fonts/type1/public/amsfonts/cm/cmtt10.
pfb><C:/Users/p281989/AppData/Local/Programs/MiKTeX/fonts/type1/public/amsfonts
/cm/cmtt8.pfb><C:/Users/p281989/AppData/Local/Programs/MiKTeX/fonts/type1/publi
c/amsfonts/cm/cmtt9.pfb><C:/Users/p281989/AppData/Local/Programs/MiKTeX/fonts/t
ype1/public/doublestroke/dsrom10.pfb><C:/Users/p281989/AppData/Local/Programs/M
iKTeX/fonts/type1/public/amsfonts/euler/eufm10.pfb><C:/Users/p281989/AppData/Lo
cal/Programs/MiKTeX/fonts/type1/public/amsfonts/euler/eurm10.pfb><C:/Users/p281
989/AppData/Local/Programs/MiKTeX/fonts/type1/public/amsfonts/symbols/msbm10.pf
b>
Output written on heterotic.pdf (37 pages, 781231 bytes).
PDF statistics:
 1267 PDF objects out of 1440 (max. 8388607)
 326 named destinations out of 1000 (max. 500000)
 204 words of extra memory for PDF output out of 10000 (max. 10000000)

